****KST48 PROGRAM: a powerful tool for MECP locating****
****By Yumiao Ma, BSJ Institute, 2023/10 Updated****

The current running mode is normal.
Note: This program is now running on normal mode
****Initialization: running the first single point calculations according to the mode****
****Initialization OK, now entering main loop****
****Before that, please check the keywords list****
Header A:
 %pal nprocs 28 end
%maxcore 1000 
! b3lyp 6-31g(d) engrad 
!moread 
 %moinp "JOBS/a.gbw"
 

 *xyz 0 3
Header B:
 %pal nprocs 28 end
%maxcore 1000 
! b3lyp 6-31g(d) engrad 
!moread 
 %moinp "JOBS/b.gbw"
 

 *xyz 0 3
****If everything is OK, then go to the main loop****


Now Entering BFGS Step 0
current stepsize: 0.8108681352555799 is reduced to max_size
E1 = -39.100216635316
E2 = -39.070856872
deltaE                    0.029360     0.000050     NO
RMS Gradient              0.013681     0.000500     NO
Maximium Gradient         0.024499     0.000700     NO
RMS Displacement          0.033333     0.002500     NO
Maximium Displacement     0.070532     0.004000     NO

Now Entering BFGS Step 1
current stepsize: 1.4516417493014735 is reduced to max_size
E1 = -39.076722152905
E2 = -39.062861509
deltaE                    0.013861     0.000050     NO
RMS Gradient              0.015069     0.000500     NO
Maximium Gradient         0.027374     0.000700     NO
RMS Displacement          0.033333     0.002500     NO
Maximium Displacement     0.079630     0.004000     NO

Now Entering BFGS Step 2
current stepsize: 1.5 is reduced to max_size
E1 = -39.050475663591
E2 = -39.050535792
deltaE                    -0.000060     0.000050     NO
RMS Gradient              0.014434     0.000500     NO
Maximium Gradient         0.026417     0.000700     NO
RMS Displacement          0.033333     0.002500     NO
Maximium Displacement     0.070013     0.004000     NO

Now Entering GDIIS Step 3
E1 = -39.060787653986
E2 = -39.058491857
deltaE                    0.002296     0.000050     NO
RMS Gradient              0.004351     0.000500     NO
Maximium Gradient         0.007399     0.000700     NO
RMS Displacement          0.030800     0.002500     NO
Maximium Displacement     0.063073     0.004000     NO

Now Entering GDIIS Step 4
E1 = -39.061970758433
E2 = -39.058798045
deltaE                    0.003173     0.000050     NO
RMS Gradient              0.006483     0.000500     NO
Maximium Gradient         0.011172     0.000700     NO
RMS Displacement          0.007154     0.002500     NO
Maximium Displacement     0.015219     0.004000     NO

Now Entering GDIIS Step 5
E1 = -39.055857716492
E2 = -39.056175385
deltaE                    -0.000318     0.000050     NO
RMS Gradient              0.001522     0.000500     NO
Maximium Gradient         0.002647     0.000700     NO
RMS Displacement          0.019082     0.002500     NO
Maximium Displacement     0.040124     0.004000     NO

Now Entering GDIIS Step 6
E1 = -39.057126387311
E2 = -39.056834392
deltaE                    0.000292     0.000050     NO
RMS Gradient              0.001172     0.000500     NO
Maximium Gradient         0.001871     0.000700     NO
RMS Displacement          0.006294     0.002500     NO
Maximium Displacement     0.014317     0.004000     NO

Now Entering GDIIS Step 7
current stepsize: 0.37603354077584894 is reduced to max_size
E1 = -39.057523066349
E2 = -39.057071215
deltaE                    0.000452     0.000050     NO
RMS Gradient              0.000416     0.000500     YES
Maximium Gradient         0.000510     0.000700     YES
RMS Displacement          0.033333     0.002500     NO
Maximium Displacement     0.073675     0.004000     NO

Now Entering GDIIS Step 8
E1 = -39.056374453785
E2 = -39.056480787
deltaE                    -0.000106     0.000050     NO
RMS Gradient              0.000303     0.000500     YES
Maximium Gradient         0.000509     0.000700     YES
RMS Displacement          0.019122     0.002500     NO
Maximium Displacement     0.041445     0.004000     NO

Now Entering GDIIS Step 9
E1 = -39.056525095565
E2 = -39.056558245
deltaE                    -0.000033     0.000050     YES
RMS Gradient              0.000226     0.000500     YES
Maximium Gradient         0.000421     0.000700     YES
RMS Displacement          0.003956     0.002500     NO
Maximium Displacement     0.009201     0.004000     NO

Now Entering GDIIS Step 10
E1 = -39.056699386174
E2 = -39.056648819
deltaE                    0.000051     0.000050     NO
RMS Gradient              0.000205     0.000500     YES
Maximium Gradient         0.000398     0.000700     YES
RMS Displacement          0.000992     0.002500     YES
Maximium Displacement     0.002279     0.004000     YES

Now Entering GDIIS Step 11
E1 = -39.056587051704
E2 = -39.056592552
deltaE                    -0.000006     0.000050     YES
RMS Gradient              0.000188     0.000500     YES
Maximium Gradient         0.000292     0.000700     YES
RMS Displacement          0.006249     0.002500     NO
Maximium Displacement     0.013523     0.004000     NO

Now Entering GDIIS Step 12
E1 = -39.056646281438
E2 = -39.056622797
deltaE                    0.000023     0.000050     YES
RMS Gradient              0.000189     0.000500     YES
Maximium Gradient         0.000315     0.000700     YES
RMS Displacement          0.001662     0.002500     YES
Maximium Displacement     0.003710     0.004000     YES
****Congrats! MECP has converged****
