****KST48 PROGRAM: a powerful tool for MECP locating****
****By Yumiao Ma, BSJ Institute, 2023/10 Updated****

The current running mode is read.
Note: This program is now running on read mode
****Initialization OK, now entering main loop****
****Before that, please check the keywords list****
Header A:
 %chk=a.chk
%nprocshared=28 
%mem=48gb 
# scf=(xqc,maxcycle=64) force  guess=read  oniom(td/b3lyp/em=gd3bj/6-31g(d):pm6) nosymm

 Title Card 

0 1 0 1 0 1
Header B:
 %chk=b.chk
%nprocshared=28 
%mem=48gb 
# scf=(xqc,maxcycle=64) force  guess=read  oniom(b3lyp/em=gd3bj/6-31g(d):pm6) nosymm

 Title Card 

0 1 0 3 0 3
****If everything is OK, then go to the main loop****


Now Entering BFGS Step 0
E1 = -310.094431837396
E2 = -310.094010230572
deltaE                    0.000422     0.000050     NO
RMS Gradient              0.001380     0.000500     NO
Maximium Gradient         0.012294     0.000700     NO
RMS Displacement          0.003425     0.002500     NO
Maximium Displacement     0.016214     0.004000     NO

Now Entering BFGS Step 1
current stepsize: 1.5 is reduced to max_size
E1 = -310.093257506884
E2 = -310.093518633565
deltaE                    -0.000261     0.000050     NO
RMS Gradient              0.001937     0.000500     NO
Maximium Gradient         0.016229     0.000700     NO
RMS Displacement          0.006052     0.002500     NO
Maximium Displacement     0.028995     0.004000     NO

Now Entering BFGS Step 2
current stepsize: 1.5000000000000004 is reduced to max_size
E1 = -310.094553967912
E2 = -310.094341524966
deltaE                    0.000212     0.000050     NO
RMS Gradient              0.000279     0.000500     YES
Maximium Gradient         0.002180     0.000700     NO
RMS Displacement          0.006052     0.002500     NO
Maximium Displacement     0.028588     0.004000     NO

Now Entering GDIIS Step 3
E1 = -310.094849391569
E2 = -310.094356683663
deltaE                    0.000493     0.000050     NO
RMS Gradient              0.000324     0.000500     YES
Maximium Gradient         0.001746     0.000700     NO
RMS Displacement          0.004239     0.002500     NO
Maximium Displacement     0.020132     0.004000     NO

Now Entering GDIIS Step 4
E1 = -310.094837092367
E2 = -310.094440594969
deltaE                    0.000396     0.000050     NO
RMS Gradient              0.000270     0.000500     YES
Maximium Gradient         0.001715     0.000700     NO
RMS Displacement          0.000519     0.002500     YES
Maximium Displacement     0.002434     0.004000     YES

Now Entering GDIIS Step 5
E1 = -310.094837797081
E2 = -310.094535608172
deltaE                    0.000302     0.000050     NO
RMS Gradient              0.000271     0.000500     YES
Maximium Gradient         0.001809     0.000700     NO
RMS Displacement          0.001404     0.002500     YES
Maximium Displacement     0.006764     0.004000     NO

Now Entering GDIIS Step 6
E1 = -310.094815505112
E2 = -310.094731107472
deltaE                    0.000084     0.000050     NO
RMS Gradient              0.000264     0.000500     YES
Maximium Gradient         0.001605     0.000700     NO
RMS Displacement          0.002070     0.002500     YES
Maximium Displacement     0.009882     0.004000     NO

Now Entering GDIIS Step 7
E1 = -310.094810307976
E2 = -310.094841465142
deltaE                    -0.000031     0.000050     YES
RMS Gradient              0.000240     0.000500     YES
Maximium Gradient         0.001472     0.000700     NO
RMS Displacement          0.001693     0.002500     YES
Maximium Displacement     0.008015     0.004000     NO

Now Entering GDIIS Step 8
E1 = -310.094832876153
E2 = -310.095004529274
deltaE                    -0.000172     0.000050     NO
RMS Gradient              0.000205     0.000500     YES
Maximium Gradient         0.000784     0.000700     NO
RMS Displacement          0.002166     0.002500     YES
Maximium Displacement     0.009645     0.004000     NO

Now Entering GDIIS Step 9
E1 = -310.094856199455
E2 = -310.095009659025
deltaE                    -0.000153     0.000050     NO
RMS Gradient              0.000203     0.000500     YES
Maximium Gradient         0.000850     0.000700     NO
RMS Displacement          0.000938     0.002500     YES
Maximium Displacement     0.004233     0.004000     NO

Now Entering GDIIS Step 10
E1 = -310.094894955547
E2 = -310.095030357752
deltaE                    -0.000135     0.000050     NO
RMS Gradient              0.000164     0.000500     YES
Maximium Gradient         0.000539     0.000700     YES
RMS Displacement          0.000919     0.002500     YES
Maximium Displacement     0.003805     0.004000     YES

Now Entering GDIIS Step 11
E1 = -310.094942887853
E2 = -310.095031840993
deltaE                    -0.000089     0.000050     NO
RMS Gradient              0.000160     0.000500     YES
Maximium Gradient         0.000539     0.000700     YES
RMS Displacement          0.001152     0.002500     YES
Maximium Displacement     0.004470     0.004000     NO

Now Entering GDIIS Step 12
E1 = -310.094987935504
E2 = -310.095025854082
deltaE                    -0.000038     0.000050     YES
RMS Gradient              0.000159     0.000500     YES
Maximium Gradient         0.000593     0.000700     YES
RMS Displacement          0.000983     0.002500     YES
Maximium Displacement     0.003978     0.004000     YES
****Congrats! MECP has converged****
