****KST48 PROGRAM: a powerful tool for MECP locating****
****By Yumiao Ma, BSJ Institute, 2023/10 Updated****

The current running mode is stable.
Note: This program is now running on stable mode
****Initialization: running the first single point calculations according to the mode****
****Initialization OK, now entering main loop****
****Before that, please check the keywords list****
Header A:
 %chk=a.chk
%nprocshared=56 
%mem=96gb 
# pbe1pbe em=gd3bj genecp g09default scf=(xqc,maxcycle=64) force  guess=read   nosymm

 Title Card 

0 1
Header B:
 %chk=b.chk
%nprocshared=56 
%mem=96gb 
# pbe1pbe em=gd3bj genecp g09default scf=(xqc,maxcycle=64) force  guess=read   nosymm

 Title Card 

0 3
****If everything is OK, then go to the main loop****


Now Entering BFGS Step 0
current stepsize: 0.22266113555107775 is reduced to max_size
E1 = -1212.12901341
E2 = -1212.12279112
deltaE                    0.006222     0.000050     NO
RMS Gradient              0.005655     0.000500     NO
Maximium Gradient         0.026158     0.000700     NO
RMS Displacement          0.008704     0.002500     NO
Maximium Displacement     0.042554     0.004000     NO

Now Entering BFGS Step 1
current stepsize: 1.5000000000000002 is reduced to max_size
E1 = -1212.1520307
E2 = -1212.13735822
deltaE                    0.014672     0.000050     NO
RMS Gradient              0.002816     0.000500     NO
Maximium Gradient         0.010161     0.000700     NO
RMS Displacement          0.008704     0.002500     NO
Maximium Displacement     0.050912     0.004000     NO

Now Entering BFGS Step 2
current stepsize: 1.4999999999999998 is reduced to max_size
E1 = -1212.15041182
E2 = -1212.12780033
deltaE                    0.022611     0.000050     NO
RMS Gradient              0.003332     0.000500     NO
Maximium Gradient         0.008360     0.000700     NO
RMS Displacement          0.008704     0.002500     NO
Maximium Displacement     0.058872     0.004000     NO

Now Entering GDIIS Step 3
E1 = -1212.14700949
E2 = -1212.12290553
deltaE                    0.024104     0.000050     NO
RMS Gradient              0.004986     0.000500     NO
Maximium Gradient         0.011880     0.000700     NO
RMS Displacement          0.001939     0.002500     YES
Maximium Displacement     0.013196     0.004000     NO

Now Entering GDIIS Step 4
current stepsize: 0.23821448665163864 is reduced to max_size
E1 = -1212.15321493
E2 = -1212.13677747
deltaE                    0.016437     0.000050     NO
RMS Gradient              0.003032     0.000500     NO
Maximium Gradient         0.006114     0.000700     NO
RMS Displacement          0.008704     0.002500     NO
Maximium Displacement     0.058048     0.004000     NO

Now Entering GDIIS Step 5
current stepsize: 0.26547623700101014 is reduced to max_size
E1 = -1212.14191413
E2 = -1212.13259826
deltaE                    0.009316     0.000050     NO
RMS Gradient              0.002691     0.000500     NO
Maximium Gradient         0.007738     0.000700     NO
RMS Displacement          0.008704     0.002500     NO
Maximium Displacement     0.057572     0.004000     NO

Now Entering GDIIS Step 6
current stepsize: 0.1927956020069495 is reduced to max_size
E1 = -1212.11611774
E2 = -1212.11387121
deltaE                    0.002247     0.000050     NO
RMS Gradient              0.004093     0.000500     NO
Maximium Gradient         0.012936     0.000700     NO
RMS Displacement          0.008704     0.002500     NO
Maximium Displacement     0.057720     0.004000     NO

Now Entering GDIIS Step 7
current stepsize: 0.17602656029296865 is reduced to max_size
E1 = -1212.07405783
E2 = -1212.07969638
deltaE                    -0.005639     0.000050     NO
RMS Gradient              0.009856     0.000500     NO
Maximium Gradient         0.035691     0.000700     NO
RMS Displacement          0.008704     0.002500     NO
Maximium Displacement     0.052680     0.004000     NO

Now Entering GDIIS Step 8
current stepsize: 0.13536092548576908 is reduced to max_size
E1 = -1212.10907302
E2 = -1212.10772093
deltaE                    0.001352     0.000050     NO
RMS Gradient              0.006542     0.000500     NO
Maximium Gradient         0.019855     0.000700     NO
RMS Displacement          0.008704     0.002500     NO
Maximium Displacement     0.065952     0.004000     NO

Now Entering GDIIS Step 9
current stepsize: 0.12375165555975906 is reduced to max_size
E1 = -1212.13869878
E2 = -1212.13021711
deltaE                    0.008482     0.000050     NO
RMS Gradient              0.004000     0.000500     NO
Maximium Gradient         0.009565     0.000700     NO
RMS Displacement          0.008704     0.002500     NO
Maximium Displacement     0.051305     0.004000     NO

Now Entering GDIIS Step 10
E1 = -1212.14750574
E2 = -1212.13569035
deltaE                    0.011815     0.000050     NO
RMS Gradient              0.003072     0.000500     NO
Maximium Gradient         0.006441     0.000700     NO
RMS Displacement          0.004199     0.002500     NO
Maximium Displacement     0.021127     0.004000     NO

Now Entering GDIIS Step 11
current stepsize: 0.2190592124186901 is reduced to max_size
E1 = -1212.15392506
E2 = -1212.13546649
deltaE                    0.018459     0.000050     NO
RMS Gradient              0.002500     0.000500     NO
Maximium Gradient         0.004801     0.000700     NO
RMS Displacement          0.008704     0.002500     NO
Maximium Displacement     0.045941     0.004000     NO

Now Entering GDIIS Step 12
current stepsize: 0.24786844700469932 is reduced to max_size
E1 = -1212.14669827
E2 = -1212.12175807
deltaE                    0.024940     0.000050     NO
RMS Gradient              0.003417     0.000500     NO
Maximium Gradient         0.008933     0.000700     NO
RMS Displacement          0.008704     0.002500     NO
Maximium Displacement     0.053997     0.004000     NO

Now Entering GDIIS Step 13
current stepsize: 0.3325930424533104 is reduced to max_size
E1 = -1212.15384203
E2 = -1212.13543848
deltaE                    0.018404     0.000050     NO
RMS Gradient              0.002739     0.000500     NO
Maximium Gradient         0.008501     0.000700     NO
RMS Displacement          0.008704     0.002500     NO
Maximium Displacement     0.052427     0.004000     NO

Now Entering GDIIS Step 14
current stepsize: 0.30288386645283416 is reduced to max_size
E1 = -1212.14861609
E2 = -1212.13642803
deltaE                    0.012188     0.000050     NO
RMS Gradient              0.002257     0.000500     NO
Maximium Gradient         0.007317     0.000700     NO
RMS Displacement          0.008704     0.002500     NO
Maximium Displacement     0.052080     0.004000     NO

Now Entering GDIIS Step 15
current stepsize: 0.22757210528148827 is reduced to max_size
E1 = -1212.13175479
E2 = -1212.12577693
deltaE                    0.005978     0.000050     NO
RMS Gradient              0.002619     0.000500     NO
Maximium Gradient         0.008501     0.000700     NO
RMS Displacement          0.008704     0.002500     NO
Maximium Displacement     0.052592     0.004000     NO

Now Entering GDIIS Step 16
current stepsize: 0.10171998834576228 is reduced to max_size
E1 = -1212.10284951
E2 = -1212.10347401
deltaE                    -0.000624     0.000050     NO
RMS Gradient              0.005213     0.000500     NO
Maximium Gradient         0.016851     0.000700     NO
RMS Displacement          0.008704     0.002500     NO
Maximium Displacement     0.048115     0.004000     NO

Now Entering GDIIS Step 17
E1 = -1212.102898
E2 = -1212.10328099
deltaE                    -0.000383     0.000050     NO
RMS Gradient              0.005961     0.000500     NO
Maximium Gradient         0.018743     0.000700     NO
RMS Displacement          0.001206     0.002500     YES
Maximium Displacement     0.006981     0.004000     NO

Now Entering GDIIS Step 18
E1 = -1212.11912033
E2 = -1212.1165313
deltaE                    0.002589     0.000050     NO
RMS Gradient              0.002654     0.000500     NO
Maximium Gradient         0.007905     0.000700     NO
RMS Displacement          0.004685     0.002500     NO
Maximium Displacement     0.021189     0.004000     NO

Now Entering GDIIS Step 19
current stepsize: 0.10397480873135607 is reduced to max_size
E1 = -1212.14066881
E2 = -1212.13202011
deltaE                    0.008649     0.000050     NO
RMS Gradient              0.001568     0.000500     NO
Maximium Gradient         0.003904     0.000700     NO
RMS Displacement          0.008704     0.002500     NO
Maximium Displacement     0.053503     0.004000     NO

Now Entering GDIIS Step 20
E1 = -1212.12391676
E2 = -1212.12027974
deltaE                    0.003637     0.000050     NO
RMS Gradient              0.002107     0.000500     NO
Maximium Gradient         0.007955     0.000700     NO
RMS Displacement          0.007967     0.002500     NO
Maximium Displacement     0.055230     0.004000     NO

Now Entering GDIIS Step 21
E1 = -1212.10538957
E2 = -1212.1063288
deltaE                    -0.000939     0.000050     NO
RMS Gradient              0.001831     0.000500     NO
Maximium Gradient         0.003800     0.000700     NO
RMS Displacement          0.006696     0.002500     NO
Maximium Displacement     0.043931     0.004000     NO

Now Entering GDIIS Step 22
E1 = -1212.10345572
E2 = -1212.10503445
deltaE                    -0.001579     0.000050     NO
RMS Gradient              0.002081     0.000500     NO
Maximium Gradient         0.006893     0.000700     NO
RMS Displacement          0.004987     0.002500     NO
Maximium Displacement     0.021879     0.004000     NO

Now Entering GDIIS Step 23
E1 = -1212.10389293
E2 = -1212.10541695
deltaE                    -0.001524     0.000050     NO
RMS Gradient              0.001457     0.000500     NO
Maximium Gradient         0.002467     0.000700     NO
RMS Displacement          0.001741     0.002500     YES
Maximium Displacement     0.007930     0.004000     NO

Now Entering GDIIS Step 24
E1 = -1212.11116243
E2 = -1212.11094852
deltaE                    0.000214     0.000050     NO
RMS Gradient              0.000822     0.000500     NO
Maximium Gradient         0.002038     0.000700     NO
RMS Displacement          0.002432     0.002500     YES
Maximium Displacement     0.016824     0.004000     NO

Now Entering GDIIS Step 25
E1 = -1212.11151588
E2 = -1212.11125448
deltaE                    0.000261     0.000050     NO
RMS Gradient              0.000607     0.000500     NO
Maximium Gradient         0.001535     0.000700     NO
RMS Displacement          0.001561     0.002500     YES
Maximium Displacement     0.006992     0.004000     NO

Now Entering GDIIS Step 26
E1 = -1212.11627001
E2 = -1212.11481538
deltaE                    0.001455     0.000050     NO
RMS Gradient              0.000764     0.000500     NO
Maximium Gradient         0.002489     0.000700     NO
RMS Displacement          0.001968     0.002500     YES
Maximium Displacement     0.016584     0.004000     NO

Now Entering GDIIS Step 27
E1 = -1212.11763607
E2 = -1212.11583515
deltaE                    0.001801     0.000050     NO
RMS Gradient              0.000563     0.000500     NO
Maximium Gradient         0.001314     0.000700     NO
RMS Displacement          0.000619     0.002500     YES
Maximium Displacement     0.004479     0.004000     NO

Now Entering GDIIS Step 28
E1 = -1212.11777717
E2 = -1212.11592071
deltaE                    0.001856     0.000050     NO
RMS Gradient              0.001289     0.000500     NO
Maximium Gradient         0.004547     0.000700     NO
RMS Displacement          0.000578     0.002500     YES
Maximium Displacement     0.002213     0.004000     YES

Now Entering GDIIS Step 29
E1 = -1212.12095921
E2 = -1212.11829086
deltaE                    0.002668     0.000050     NO
RMS Gradient              0.000839     0.000500     NO
Maximium Gradient         0.002382     0.000700     NO
RMS Displacement          0.001924     0.002500     YES
Maximium Displacement     0.012126     0.004000     NO

Now Entering GDIIS Step 30
E1 = -1212.11857447
E2 = -1212.11654135
deltaE                    0.002033     0.000050     NO
RMS Gradient              0.000774     0.000500     NO
Maximium Gradient         0.001867     0.000700     NO
RMS Displacement          0.002614     0.002500     NO
Maximium Displacement     0.013819     0.004000     NO

Now Entering GDIIS Step 31
E1 = -1212.11482304
E2 = -1212.1137664
deltaE                    0.001057     0.000050     NO
RMS Gradient              0.000474     0.000500     YES
Maximium Gradient         0.001291     0.000700     NO
RMS Displacement          0.001931     0.002500     YES
Maximium Displacement     0.012280     0.004000     NO

Now Entering GDIIS Step 32
E1 = -1212.1124154
E2 = -1212.11199499
deltaE                    0.000420     0.000050     NO
RMS Gradient              0.000445     0.000500     YES
Maximium Gradient         0.000879     0.000700     NO
RMS Displacement          0.001986     0.002500     YES
Maximium Displacement     0.007117     0.004000     NO

Now Entering GDIIS Step 33
E1 = -1212.11056764
E2 = -1212.11063677
deltaE                    -0.000069     0.000050     NO
RMS Gradient              0.000449     0.000500     YES
Maximium Gradient         0.001083     0.000700     NO
RMS Displacement          0.001901     0.002500     YES
Maximium Displacement     0.006181     0.004000     NO

Now Entering GDIIS Step 34
E1 = -1212.10942671
E2 = -1212.10981622
deltaE                    -0.000390     0.000050     NO
RMS Gradient              0.000372     0.000500     YES
Maximium Gradient         0.000583     0.000700     YES
RMS Displacement          0.002408     0.002500     YES
Maximium Displacement     0.006647     0.004000     NO

Now Entering GDIIS Step 35
E1 = -1212.11180779
E2 = -1212.11161876
deltaE                    0.000189     0.000050     NO
RMS Gradient              0.000424     0.000500     YES
Maximium Gradient         0.000933     0.000700     NO
RMS Displacement          0.002151     0.002500     YES
Maximium Displacement     0.009246     0.004000     NO

Now Entering GDIIS Step 36
E1 = -1212.11186076
E2 = -1212.11168351
deltaE                    0.000177     0.000050     NO
RMS Gradient              0.000406     0.000500     YES
Maximium Gradient         0.000764     0.000700     NO
RMS Displacement          0.002890     0.002500     NO
Maximium Displacement     0.007861     0.004000     NO

Now Entering GDIIS Step 37
E1 = -1212.11281604
E2 = -1212.11241391
deltaE                    0.000402     0.000050     NO
RMS Gradient              0.000292     0.000500     YES
Maximium Gradient         0.000537     0.000700     YES
RMS Displacement          0.002428     0.002500     YES
Maximium Displacement     0.007137     0.004000     NO

Now Entering GDIIS Step 38
E1 = -1212.11244195
E2 = -1212.1121458
deltaE                    0.000296     0.000050     NO
RMS Gradient              0.000305     0.000500     YES
Maximium Gradient         0.000647     0.000700     YES
RMS Displacement          0.002084     0.002500     YES
Maximium Displacement     0.005259     0.004000     NO

Now Entering GDIIS Step 39
E1 = -1212.11195173
E2 = -1212.11178549
deltaE                    0.000166     0.000050     NO
RMS Gradient              0.000274     0.000500     YES
Maximium Gradient         0.000565     0.000700     YES
RMS Displacement          0.001021     0.002500     YES
Maximium Displacement     0.002847     0.004000     YES

Now Entering GDIIS Step 40
E1 = -1212.11131105
E2 = -1212.11131436
deltaE                    -0.000003     0.000050     YES
RMS Gradient              0.000247     0.000500     YES
Maximium Gradient         0.000576     0.000700     YES
RMS Displacement          0.001013     0.002500     YES
Maximium Displacement     0.003196     0.004000     YES
****Congrats! MECP has converged****
