****KST48 PROGRAM: a powerful tool for MECP locating****
****By Yumiao Ma, BSJ Institute, 2023/10 Updated****

The current running mode is read.
Note: This program is now running on read mode
****Initialization OK, now entering main loop****
****Before that, please check the keywords list****
Header A:
 %chk=a.chk
%nprocshared=28 
%mem=48gb 
# 6-31g(d) m062x g09default scf=(xqc,maxcycle=64) force  guess=read  td nosymm

 Title Card 

0 1
Header B:
 %chk=b.chk
%nprocshared=28 
%mem=48gb 
# 6-31g(d) m062x g09default scf=(xqc,maxcycle=64) force  guess=read   nosymm

 Title Card 

0 3
****If everything is OK, then go to the main loop****


Now Entering BFGS Step 0
current stepsize: 0.19048344847642612 is reduced to max_size
E1 = -1448.56129268
E2 = -1448.56119571
deltaE                    0.000097     0.000050     NO
RMS Gradient              0.020032     0.000500     NO
Maximium Gradient         0.085829     0.000700     NO
RMS Displacement          0.007857     0.002500     NO
Maximium Displacement     0.039301     0.004000     NO

Now Entering BFGS Step 1
current stepsize: 1.3584800290671786 is reduced to max_size
E1 = -1448.58165424
E2 = -1448.5814648
deltaE                    0.000189     0.000050     NO
RMS Gradient              0.003549     0.000500     NO
Maximium Gradient         0.019491     0.000700     NO
RMS Displacement          0.007857     0.002500     NO
Maximium Displacement     0.038937     0.004000     NO

Now Entering BFGS Step 2
current stepsize: 0.858809887026361 is reduced to max_size
E1 = -1448.55112323
E2 = -1448.55118678
deltaE                    -0.000064     0.000050     NO
RMS Gradient              0.031079     0.000500     NO
Maximium Gradient         0.204099     0.000700     NO
RMS Displacement          0.007857     0.002500     NO
Maximium Displacement     0.044155     0.004000     NO

Now Entering GDIIS Step 3
E1 = -1448.5818447
E2 = -1448.5820446
deltaE                    -0.000200     0.000050     NO
RMS Gradient              0.002554     0.000500     NO
Maximium Gradient         0.016593     0.000700     NO
RMS Displacement          0.007526     0.002500     NO
Maximium Displacement     0.041890     0.004000     NO

Now Entering GDIIS Step 4
E1 = -1448.58203449
E2 = -1448.58221474
deltaE                    -0.000180     0.000050     NO
RMS Gradient              0.001134     0.000500     NO
Maximium Gradient         0.007441     0.000700     NO
RMS Displacement          0.000345     0.002500     YES
Maximium Displacement     0.002331     0.004000     YES

Now Entering GDIIS Step 5
E1 = -1448.58211327
E2 = -1448.58214692
deltaE                    -0.000034     0.000050     YES
RMS Gradient              0.001279     0.000500     NO
Maximium Gradient         0.007798     0.000700     NO
RMS Displacement          0.000896     0.002500     YES
Maximium Displacement     0.003764     0.004000     YES

Now Entering GDIIS Step 6
E1 = -1448.58213171
E2 = -1448.58204017
deltaE                    0.000092     0.000050     NO
RMS Gradient              0.001531     0.000500     NO
Maximium Gradient         0.009389     0.000700     NO
RMS Displacement          0.000898     0.002500     YES
Maximium Displacement     0.003740     0.004000     YES

Now Entering GDIIS Step 7
E1 = -1448.58216747
E2 = -1448.58167409
deltaE                    0.000493     0.000050     NO
RMS Gradient              0.000631     0.000500     NO
Maximium Gradient         0.001048     0.000700     NO
RMS Displacement          0.002618     0.002500     NO
Maximium Displacement     0.012216     0.004000     NO

Now Entering GDIIS Step 8
E1 = -1448.58222093
E2 = -1448.58168409
deltaE                    0.000537     0.000050     NO
RMS Gradient              0.000441     0.000500     YES
Maximium Gradient         0.001179     0.000700     NO
RMS Displacement          0.000717     0.002500     YES
Maximium Displacement     0.002852     0.004000     YES

Now Entering GDIIS Step 9
E1 = -1448.58210876
E2 = -1448.58121873
deltaE                    0.000890     0.000050     NO
RMS Gradient              0.000561     0.000500     NO
Maximium Gradient         0.001302     0.000700     NO
RMS Displacement          0.002916     0.002500     NO
Maximium Displacement     0.014490     0.004000     NO

Now Entering GDIIS Step 10
E1 = -1448.58220948
E2 = -1448.58132698
deltaE                    0.000882     0.000050     NO
RMS Gradient              0.000546     0.000500     NO
Maximium Gradient         0.001177     0.000700     NO
RMS Displacement          0.001107     0.002500     YES
Maximium Displacement     0.004266     0.004000     NO

Now Entering GDIIS Step 11
E1 = -1448.58217769
E2 = -1448.58114273
deltaE                    0.001035     0.000050     NO
RMS Gradient              0.000522     0.000500     NO
Maximium Gradient         0.001195     0.000700     NO
RMS Displacement          0.001972     0.002500     YES
Maximium Displacement     0.009968     0.004000     NO

Now Entering GDIIS Step 12
E1 = -1448.58232702
E2 = -1448.58154616
deltaE                    0.000781     0.000050     NO
RMS Gradient              0.000272     0.000500     YES
Maximium Gradient         0.000432     0.000700     YES
RMS Displacement          0.001579     0.002500     YES
Maximium Displacement     0.006695     0.004000     NO

Now Entering GDIIS Step 13
E1 = -1448.5823716
E2 = -1448.58168623
deltaE                    0.000685     0.000050     NO
RMS Gradient              0.000258     0.000500     YES
Maximium Gradient         0.000514     0.000700     YES
RMS Displacement          0.000455     0.002500     YES
Maximium Displacement     0.001765     0.004000     YES

Now Entering GDIIS Step 14
E1 = -1448.58240667
E2 = -1448.58184757
deltaE                    0.000559     0.000050     NO
RMS Gradient              0.000228     0.000500     YES
Maximium Gradient         0.000451     0.000700     YES
RMS Displacement          0.000642     0.002500     YES
Maximium Displacement     0.002382     0.004000     YES

Now Entering GDIIS Step 15
E1 = -1448.58243361
E2 = -1448.58198002
deltaE                    0.000454     0.000050     NO
RMS Gradient              0.000198     0.000500     YES
Maximium Gradient         0.000300     0.000700     YES
RMS Displacement          0.000497     0.002500     YES
Maximium Displacement     0.001927     0.004000     YES

Now Entering GDIIS Step 16
E1 = -1448.58245448
E2 = -1448.58211876
deltaE                    0.000336     0.000050     NO
RMS Gradient              0.000173     0.000500     YES
Maximium Gradient         0.000377     0.000700     YES
RMS Displacement          0.000505     0.002500     YES
Maximium Displacement     0.001978     0.004000     YES

Now Entering GDIIS Step 17
E1 = -1448.5824635
E2 = -1448.58222367
deltaE                    0.000240     0.000050     NO
RMS Gradient              0.000168     0.000500     YES
Maximium Gradient         0.000397     0.000700     YES
RMS Displacement          0.000407     0.002500     YES
Maximium Displacement     0.001561     0.004000     YES

Now Entering GDIIS Step 18
E1 = -1448.58246822
E2 = -1448.58226646
deltaE                    0.000202     0.000050     NO
RMS Gradient              0.000192     0.000500     YES
Maximium Gradient         0.000514     0.000700     YES
RMS Displacement          0.000222     0.002500     YES
Maximium Displacement     0.000897     0.004000     YES

Now Entering GDIIS Step 19
E1 = -1448.58247683
E2 = -1448.58243497
deltaE                    0.000042     0.000050     YES
RMS Gradient              0.000239     0.000500     YES
Maximium Gradient         0.000496     0.000700     YES
RMS Displacement          0.000785     0.002500     YES
Maximium Displacement     0.002919     0.004000     YES
****Congrats! MECP has converged****
