****KST48 PROGRAM: a powerful tool for MECP locating****
****By Yumiao Ma, BSJ Institute, 2024/10 Updated****

The current running mode is normal.
!!!!!!!!!!
Note: the current program is running on FIX_DE MODE! The target dE (E1 - E2) is -4.68 eV.
!!!!!!!!!!
Note: This program is now running on normal mode
****Initialization: running the first single point calculations according to the mode****
****Initialization OK, now entering main loop****
****Before that, please check the keywords list****
Header A:
 %chk=a.chk
%nprocshared=28 
%mem=48gb 
# wb97xd def2svp scrf=(smd,solvent=acetonitrile) g09default scf=(xqc,maxcycle=64) force  guess=read   nosymm

 Title Card 

-2 1
Header B:
 %chk=b.chk
%nprocshared=28 
%mem=48gb 
# wb97xd def2svp scrf=(smd,solvent=acetonitrile) g09default scf=(xqc,maxcycle=64) force  guess=read   nosymm

 Title Card 

-1 2
****If everything is OK, then go to the main loop****

The current multiplier for fix-dE optimization is [0]

Now Entering BFGS Step 0
current stepsize: 1.5000000000000002 is reduced to max_size
The current multiplier for fix-dE optimization is [-0.026556751872643405]
0.10000000000000012
E1 = -784.974110613
E2 = -784.826215203
deltaE  (eV)              -4.024456
deviation of dE (a.u.)    0.024091     0.000050     NO
RMS Gradient              0.025895     0.000500     NO
Maximium Gradient         0.073039     0.000700     NO
RMS Displacement          0.013608     0.002500     NO
Maximium Displacement     0.042488     0.004000     NO

Now Entering BFGS Step 1
current stepsize: 1.5000000000000002 is reduced to max_size
The current multiplier for fix-dE optimization is [0.17200247554670658]
0.09999999999999998
E1 = -785.009475762
E2 = -784.844002992
deltaE  (eV)              -4.502763
deviation of dE (a.u.)    0.006513     0.000050     NO
RMS Gradient              0.045811     0.000500     NO
Maximium Gradient         0.116570     0.000700     NO
RMS Displacement          0.013608     0.002500     NO
Maximium Displacement     0.045310     0.004000     NO

Now Entering BFGS Step 2
current stepsize: 1.5 is reduced to max_size
The current multiplier for fix-dE optimization is [0.5473589801964962]
0.10000000000000005
E1 = -785.03013202
E2 = -784.85067538
deltaE  (eV)              -4.883285
deviation of dE (a.u.)    -0.007471     0.000050     NO
RMS Gradient              0.018789     0.000500     NO
Maximium Gradient         0.051916     0.000700     NO
RMS Displacement          0.013608     0.002500     NO
Maximium Displacement     0.031467     0.004000     NO

Now Entering GDIIS Step 3
current stepsize: 0.35790442366851294 is reduced to max_size
The current multiplier for fix-dE optimization is [0.21539891535910394]
0.0999999999999996
E1 = -784.998833947
E2 = -784.808547694
deltaE  (eV)              -5.177975
deviation of dE (a.u.)    -0.018300     0.000050     NO
RMS Gradient              0.029758     0.000500     NO
Maximium Gradient         0.098910     0.000700     NO
RMS Displacement          0.013608     0.002500     NO
Maximium Displacement     0.035483     0.004000     NO

Now Entering GDIIS Step 4
The current multiplier for fix-dE optimization is [0.09934693258665508]
0.09262754666923446
E1 = -784.916125932
E2 = -784.717847466
deltaE  (eV)              -5.395455
deviation of dE (a.u.)    -0.026292     0.000050     NO
RMS Gradient              0.056508     0.000500     NO
Maximium Gradient         0.200599     0.000700     NO
RMS Displacement          0.012605     0.002500     NO
Maximium Displacement     0.049976     0.004000     NO

Now Entering GDIIS Step 5
current stepsize: 0.39945676997332563 is reduced to max_size
The current multiplier for fix-dE optimization is [-0.10077111625086774]
0.10000000000000007
E1 = -784.993090375
E2 = -784.803409437
deltaE  (eV)              -5.161503
deviation of dE (a.u.)    -0.017695     0.000050     NO
RMS Gradient              0.037041     0.000500     NO
Maximium Gradient         0.134448     0.000700     NO
RMS Displacement          0.013608     0.002500     NO
Maximium Displacement     0.033512     0.004000     NO

Now Entering GDIIS Step 6
current stepsize: 0.2111464570018202 is reduced to max_size
The current multiplier for fix-dE optimization is [-0.023199978325548883]
0.09999999999999987
E1 = -785.031889055
E2 = -784.854400224
deltaE  (eV)              -4.829738
deviation of dE (a.u.)    -0.005503     0.000050     NO
RMS Gradient              0.024620     0.000500     NO
Maximium Gradient         0.070591     0.000700     NO
RMS Displacement          0.013608     0.002500     NO
Maximium Displacement     0.047736     0.004000     NO

Now Entering GDIIS Step 7
current stepsize: 0.45799089829884204 is reduced to max_size
The current multiplier for fix-dE optimization is [0.0026565964573712145]
0.09999999999999983
E1 = -785.023174383
E2 = -784.856546356
deltaE  (eV)              -4.534199
deviation of dE (a.u.)    0.005358     0.000050     NO
RMS Gradient              0.027255     0.000500     NO
Maximium Gradient         0.055118     0.000700     NO
RMS Displacement          0.013608     0.002500     NO
Maximium Displacement     0.045894     0.004000     NO

Now Entering GDIIS Step 8
current stepsize: 0.8703311428972221 is reduced to max_size
The current multiplier for fix-dE optimization is [0.39001944242625797]
0.09999999999999994
E1 = -785.011926251
E2 = -784.845381
deltaE  (eV)              -4.531947
deviation of dE (a.u.)    0.005441     0.000050     NO
RMS Gradient              0.030643     0.000500     NO
Maximium Gradient         0.063619     0.000700     NO
RMS Displacement          0.013608     0.002500     NO
Maximium Displacement     0.031663     0.004000     NO

Now Entering GDIIS Step 9
current stepsize: 0.22849811133546893 is reduced to max_size
The current multiplier for fix-dE optimization is [0.21522250870718174]
0.09999999999999998
E1 = -785.024372555
E2 = -784.847268752
deltaE  (eV)              -4.819261
deviation of dE (a.u.)    -0.005118     0.000050     NO
RMS Gradient              0.027579     0.000500     NO
Maximium Gradient         0.063599     0.000700     NO
RMS Displacement          0.013608     0.002500     NO
Maximium Displacement     0.031581     0.004000     NO

Now Entering GDIIS Step 10
current stepsize: 0.2794789536958795 is reduced to max_size
The current multiplier for fix-dE optimization is [0.33175514895730845]
0.10000000000000017
E1 = -785.019106879
E2 = -784.835749354
deltaE  (eV)              -4.989434
deviation of dE (a.u.)    -0.011371     0.000050     NO
RMS Gradient              0.024960     0.000500     NO
Maximium Gradient         0.061771     0.000700     NO
RMS Displacement          0.013608     0.002500     NO
Maximium Displacement     0.026720     0.004000     NO

Now Entering GDIIS Step 11
current stepsize: 0.2523522439738252 is reduced to max_size
The current multiplier for fix-dE optimization is [0.07061910138414015]
0.1000000000000002
E1 = -785.016563299
E2 = -784.838057491
deltaE  (eV)              -4.857411
deviation of dE (a.u.)    -0.006520     0.000050     NO
RMS Gradient              0.042111     0.000500     NO
Maximium Gradient         0.097736     0.000700     NO
RMS Displacement          0.013608     0.002500     NO
Maximium Displacement     0.037970     0.004000     NO

Now Entering GDIIS Step 12
The current multiplier for fix-dE optimization is [0.20299476524162882]
0.09194897925582175
E1 = -785.006539951
E2 = -784.839341456
deltaE  (eV)              -4.549722
deviation of dE (a.u.)    0.004788     0.000050     NO
RMS Gradient              0.045705     0.000500     NO
Maximium Gradient         0.147770     0.000700     NO
RMS Displacement          0.012513     0.002500     NO
Maximium Displacement     0.024433     0.004000     NO

Now Entering GDIIS Step 13
current stepsize: 0.15543978384773 is reduced to max_size
The current multiplier for fix-dE optimization is [0.3014961674295896]
0.09999999999999963
E1 = -784.976658278
E2 = -784.821192009
deltaE  (eV)              -4.230471
deviation of dE (a.u.)    0.016520     0.000050     NO
RMS Gradient              0.048905     0.000500     NO
Maximium Gradient         0.180749     0.000700     NO
RMS Displacement          0.013608     0.002500     NO
Maximium Displacement     0.033308     0.004000     NO

Now Entering GDIIS Step 14
current stepsize: 0.17152789021913412 is reduced to max_size
The current multiplier for fix-dE optimization is [0.4017962932234615]
0.10000000000000049
E1 = -784.997935091
E2 = -784.83584944
deltaE  (eV)              -4.410594
deviation of dE (a.u.)    0.009900     0.000050     NO
RMS Gradient              0.040294     0.000500     NO
Maximium Gradient         0.059554     0.000700     NO
RMS Displacement          0.013608     0.002500     NO
Maximium Displacement     0.030573     0.004000     NO

Now Entering GDIIS Step 15
current stepsize: 0.3869487573688431 is reduced to max_size
The current multiplier for fix-dE optimization is [0.6423675565826452]
0.10000000000000024
E1 = -784.984138432
E2 = -784.82869159
deltaE  (eV)              -4.229942
deviation of dE (a.u.)    0.016539     0.000050     NO
RMS Gradient              0.025864     0.000500     NO
Maximium Gradient         0.046277     0.000700     NO
RMS Displacement          0.013608     0.002500     NO
Maximium Displacement     0.028662     0.004000     NO

Now Entering GDIIS Step 16
current stepsize: 0.1916897706750135 is reduced to max_size
The current multiplier for fix-dE optimization is [0.5883572501131551]
0.09999999999999988
E1 = -784.985852803
E2 = -784.830169599
deltaE  (eV)              -4.236374
deviation of dE (a.u.)    0.016303     0.000050     NO
RMS Gradient              0.026128     0.000500     NO
Maximium Gradient         0.072364     0.000700     NO
RMS Displacement          0.013608     0.002500     NO
Maximium Displacement     0.022458     0.004000     NO

Now Entering GDIIS Step 17
current stepsize: 0.147326833088392 is reduced to max_size
The current multiplier for fix-dE optimization is [0.6469870584915209]
0.1
E1 = -784.988540958
E2 = -784.831276361
deltaE  (eV)              -4.279406
deviation of dE (a.u.)    0.014721     0.000050     NO
RMS Gradient              0.028039     0.000500     NO
Maximium Gradient         0.076255     0.000700     NO
RMS Displacement          0.013608     0.002500     NO
Maximium Displacement     0.015362     0.004000     NO

Now Entering GDIIS Step 18
The current multiplier for fix-dE optimization is [0.5901600325624179]
0.09479540406811171
E1 = -784.995679425
E2 = -784.828848934
deltaE  (eV)              -4.539708
deviation of dE (a.u.)    0.005156     0.000050     NO
RMS Gradient              0.040876     0.000500     NO
Maximium Gradient         0.113178     0.000700     NO
RMS Displacement          0.012900     0.002500     NO
Maximium Displacement     0.041994     0.004000     NO

Now Entering GDIIS Step 19
current stepsize: 0.15835753934844035 is reduced to max_size
The current multiplier for fix-dE optimization is [0.472099019607148]
0.09999999999999976
E1 = -785.00772501
E2 = -784.837878155
deltaE  (eV)              -4.621788
deviation of dE (a.u.)    0.002139     0.000050     NO
RMS Gradient              0.039483     0.000500     NO
Maximium Gradient         0.135559     0.000700     NO
RMS Displacement          0.013608     0.002500     NO
Maximium Displacement     0.030173     0.004000     NO

Now Entering GDIIS Step 20
The current multiplier for fix-dE optimization is [0.48216201721853424]
0.08352736778348505
E1 = -784.990623542
E2 = -784.82870221
deltaE  (eV)              -4.406123
deviation of dE (a.u.)    0.010065     0.000050     NO
RMS Gradient              0.046466     0.000500     NO
Maximium Gradient         0.152339     0.000700     NO
RMS Displacement          0.011367     0.002500     NO
Maximium Displacement     0.038789     0.004000     NO

Now Entering GDIIS Step 21
current stepsize: 0.2735360401969449 is reduced to max_size
The current multiplier for fix-dE optimization is [0.5955013124101167]
0.10000000000000052
E1 = -785.002271561
E2 = -784.832380987
deltaE  (eV)              -4.622978
deviation of dE (a.u.)    0.002096     0.000050     NO
RMS Gradient              0.040982     0.000500     NO
Maximium Gradient         0.103872     0.000700     NO
RMS Displacement          0.013608     0.002500     NO
Maximium Displacement     0.047026     0.004000     NO

Now Entering GDIIS Step 22
current stepsize: 0.17909447843789433 is reduced to max_size
The current multiplier for fix-dE optimization is [0.6608737693705581]
0.1000000000000001
E1 = -784.988183997
E2 = -784.825259686
deltaE  (eV)              -4.433415
deviation of dE (a.u.)    0.009062     0.000050     NO
RMS Gradient              0.040477     0.000500     NO
Maximium Gradient         0.090504     0.000700     NO
RMS Displacement          0.013608     0.002500     NO
Maximium Displacement     0.026807     0.004000     NO

Now Entering GDIIS Step 23
current stepsize: 0.37673571133783734 is reduced to max_size
The current multiplier for fix-dE optimization is [0.7798794267177045]
0.10000000000000024
E1 = -784.956627918
E2 = -784.805899606
deltaE  (eV)              -4.101544
deviation of dE (a.u.)    0.021258     0.000050     NO
RMS Gradient              0.041285     0.000500     NO
Maximium Gradient         0.163419     0.000700     NO
RMS Displacement          0.013608     0.002500     NO
Maximium Displacement     0.033497     0.004000     NO

Now Entering GDIIS Step 24
current stepsize: 0.20274777665444654 is reduced to max_size
The current multiplier for fix-dE optimization is [0.7851591269153106]
0.1000000000000001
E1 = -784.937160403
E2 = -784.793642412
deltaE  (eV)              -3.905340
deviation of dE (a.u.)    0.028468     0.000050     NO
RMS Gradient              0.034316     0.000500     NO
Maximium Gradient         0.103383     0.000700     NO
RMS Displacement          0.013608     0.002500     NO
Maximium Displacement     0.032098     0.004000     NO

Now Entering GDIIS Step 25
current stepsize: 0.28105364612832673 is reduced to max_size
The current multiplier for fix-dE optimization is [0.7578239242958655]
0.1000000000000003
E1 = -784.950789794
E2 = -784.802303595
deltaE  (eV)              -4.040533
deviation of dE (a.u.)    0.023500     0.000050     NO
RMS Gradient              0.050649     0.000500     NO
Maximium Gradient         0.174994     0.000700     NO
RMS Displacement          0.013608     0.002500     NO
Maximium Displacement     0.039787     0.004000     NO

Now Entering GDIIS Step 26
current stepsize: 0.12771645012632574 is reduced to max_size
The current multiplier for fix-dE optimization is [0.8310325404319928]
0.09999999999999977
E1 = -784.955906524
E2 = -784.80533784
deltaE  (eV)              -4.097200
deviation of dE (a.u.)    0.021417     0.000050     NO
RMS Gradient              0.051725     0.000500     NO
Maximium Gradient         0.155528     0.000700     NO
RMS Displacement          0.013608     0.002500     NO
Maximium Displacement     0.036079     0.004000     NO

Now Entering GDIIS Step 27
The current multiplier for fix-dE optimization is [0.843820179302449]
0.09950147025598728
E1 = -784.981610108
E2 = -784.82588414
deltaE  (eV)              -4.237538
deviation of dE (a.u.)    0.016260     0.000050     NO
RMS Gradient              0.032338     0.000500     NO
Maximium Gradient         0.079876     0.000700     NO
RMS Displacement          0.013540     0.002500     NO
Maximium Displacement     0.041170     0.004000     NO

Now Entering GDIIS Step 28
current stepsize: 0.16221087434693798 is reduced to max_size
The current multiplier for fix-dE optimization is [0.8204207960960334]
0.09999999999999959
E1 = -784.995402063
E2 = -784.830684233
deltaE  (eV)              -4.482220
deviation of dE (a.u.)    0.007268     0.000050     NO
RMS Gradient              0.032343     0.000500     NO
Maximium Gradient         0.086290     0.000700     NO
RMS Displacement          0.013608     0.002500     NO
Maximium Displacement     0.039672     0.004000     NO

Now Entering GDIIS Step 29
current stepsize: 0.5272620239879253 is reduced to max_size
The current multiplier for fix-dE optimization is [0.9313680541949011]
0.10000000000000014
E1 = -784.99339005
E2 = -784.835377747
deltaE  (eV)              -4.299752
deviation of dE (a.u.)    0.013974     0.000050     NO
RMS Gradient              0.022066     0.000500     NO
Maximium Gradient         0.056064     0.000700     NO
RMS Displacement          0.013608     0.002500     NO
Maximium Displacement     0.032591     0.004000     NO

Now Entering GDIIS Step 30
current stepsize: 0.34916388330804077 is reduced to max_size
The current multiplier for fix-dE optimization is [0.972610118367264]
0.10000000000000007
E1 = -784.98044463
E2 = -784.829441335
deltaE  (eV)              -4.109027
deviation of dE (a.u.)    0.020983     0.000050     NO
RMS Gradient              0.014714     0.000500     NO
Maximium Gradient         0.044974     0.000700     NO
RMS Displacement          0.013608     0.002500     NO
Maximium Displacement     0.032802     0.004000     NO

Now Entering GDIIS Step 31
current stepsize: 0.23693791526171856 is reduced to max_size
The current multiplier for fix-dE optimization is [1.0101663546437794]
0.1000000000000001
E1 = -784.962293767
E2 = -784.817295649
deltaE  (eV)              -3.945617
deviation of dE (a.u.)    0.026988     0.000050     NO
RMS Gradient              0.011088     0.000500     NO
Maximium Gradient         0.033628     0.000700     NO
RMS Displacement          0.013608     0.002500     NO
Maximium Displacement     0.028175     0.004000     NO

Now Entering GDIIS Step 32
The current multiplier for fix-dE optimization is [0.9636167617425035]
0.05004832565006873
E1 = -784.938758957
E2 = -784.798566067
deltaE  (eV)              -3.814859
deviation of dE (a.u.)    0.031793     0.000050     NO
RMS Gradient              0.020083     0.000500     NO
Maximium Gradient         0.068692     0.000700     NO
RMS Displacement          0.006811     0.002500     NO
Maximium Displacement     0.016882     0.004000     NO

Now Entering GDIIS Step 33
The current multiplier for fix-dE optimization is [0.9212210630221492]
0.0920848828934796
E1 = -784.984921529
E2 = -784.833246804
deltaE  (eV)              -4.127297
deviation of dE (a.u.)    0.020311     0.000050     NO
RMS Gradient              0.020148     0.000500     NO
Maximium Gradient         0.079555     0.000700     NO
RMS Displacement          0.012531     0.002500     NO
Maximium Displacement     0.027798     0.004000     NO

Now Entering GDIIS Step 34
current stepsize: 0.12342816067292753 is reduced to max_size
The current multiplier for fix-dE optimization is [0.9584092964190308]
0.0999999999999999
E1 = -784.990025098
E2 = -784.835212765
deltaE  (eV)              -4.212676
deviation of dE (a.u.)    0.017174     0.000050     NO
RMS Gradient              0.020993     0.000500     NO
Maximium Gradient         0.072170     0.000700     NO
RMS Displacement          0.013608     0.002500     NO
Maximium Displacement     0.032411     0.004000     NO

Now Entering GDIIS Step 35
The current multiplier for fix-dE optimization is [1.0100999325401137]
0.09488467188549653
E1 = -785.015923576
E2 = -784.851302875
deltaE  (eV)              -4.479577
deviation of dE (a.u.)    0.007365     0.000050     NO
RMS Gradient              0.020864     0.000500     NO
Maximium Gradient         0.067158     0.000700     NO
RMS Displacement          0.012912     0.002500     NO
Maximium Displacement     0.031740     0.004000     NO

Now Entering GDIIS Step 36
current stepsize: 0.23189764417761227 is reduced to max_size
The current multiplier for fix-dE optimization is [1.1469319412631158]
0.1000000000000002
E1 = -785.008157638
E2 = -784.848826414
deltaE  (eV)              -4.335642
deviation of dE (a.u.)    0.012655     0.000050     NO
RMS Gradient              0.017153     0.000500     NO
Maximium Gradient         0.048357     0.000700     NO
RMS Displacement          0.013608     0.002500     NO
Maximium Displacement     0.028634     0.004000     NO

Now Entering GDIIS Step 37
current stepsize: 0.8401627923170042 is reduced to max_size
The current multiplier for fix-dE optimization is [1.860507229447824]
0.09999999999999974
E1 = -785.020938861
E2 = -784.85597852
deltaE  (eV)              -4.488819
deviation of dE (a.u.)    0.007026     0.000050     NO
RMS Gradient              0.014245     0.000500     NO
Maximium Gradient         0.037525     0.000700     NO
RMS Displacement          0.013608     0.002500     NO
Maximium Displacement     0.013030     0.004000     NO

Now Entering GDIIS Step 38
current stepsize: 0.21264098735943834 is reduced to max_size
The current multiplier for fix-dE optimization is [1.307829263030094]
0.09999999999999998
E1 = -785.031823284
E2 = -784.859454775
deltaE  (eV)              -4.690406
deviation of dE (a.u.)    -0.000382     0.000050     NO
RMS Gradient              0.009125     0.000500     NO
Maximium Gradient         0.025849     0.000700     NO
RMS Displacement          0.013608     0.002500     NO
Maximium Displacement     0.028678     0.004000     NO

Now Entering GDIIS Step 39
The current multiplier for fix-dE optimization is [1.2600400487107275]
0.0410176958397093
E1 = -785.032151572
E2 = -784.860247265
deltaE  (eV)              -4.677775
deviation of dE (a.u.)    0.000082     0.000050     NO
RMS Gradient              0.007962     0.000500     NO
Maximium Gradient         0.023682     0.000700     NO
RMS Displacement          0.005582     0.002500     NO
Maximium Displacement     0.013208     0.004000     NO

Now Entering GDIIS Step 40
The current multiplier for fix-dE optimization is [1.2745616701024272]
0.017506774285634116
E1 = -785.032689605
E2 = -784.859680834
deltaE  (eV)              -4.707829
deviation of dE (a.u.)    -0.001023     0.000050     NO
RMS Gradient              0.007785     0.000500     NO
Maximium Gradient         0.022654     0.000700     NO
RMS Displacement          0.002382     0.002500     YES
Maximium Displacement     0.003713     0.004000     YES

Now Entering GDIIS Step 41
current stepsize: 0.13099000016083634 is reduced to max_size
The current multiplier for fix-dE optimization is [1.1611578430027671]
0.09999999999999998
E1 = -785.031295473
E2 = -784.859250052
deltaE  (eV)              -4.681614
deviation of dE (a.u.)    -0.000059     0.000050     NO
RMS Gradient              0.010300     0.000500     NO
Maximium Gradient         0.023041     0.000700     NO
RMS Displacement          0.013608     0.002500     NO
Maximium Displacement     0.017800     0.004000     NO

Now Entering GDIIS Step 42
current stepsize: 0.30496369611650137 is reduced to max_size
The current multiplier for fix-dE optimization is [1.4705258982918963]
0.10000000000000003
E1 = -785.032086522
E2 = -784.860035946
deltaE  (eV)              -4.681755
deviation of dE (a.u.)    -0.000064     0.000050     NO
RMS Gradient              0.006515     0.000500     NO
Maximium Gradient         0.012417     0.000700     NO
RMS Displacement          0.013608     0.002500     NO
Maximium Displacement     0.014724     0.004000     NO

Now Entering GDIIS Step 43
current stepsize: 0.1245886627272874 is reduced to max_size
The current multiplier for fix-dE optimization is [1.3944678955594305]
0.10000000000000007
E1 = -785.032565977
E2 = -784.860513673
deltaE  (eV)              -4.681802
deviation of dE (a.u.)    -0.000066     0.000050     NO
RMS Gradient              0.004933     0.000500     NO
Maximium Gradient         0.012028     0.000700     NO
RMS Displacement          0.013608     0.002500     NO
Maximium Displacement     0.017087     0.004000     NO

Now Entering GDIIS Step 44
The current multiplier for fix-dE optimization is [1.4127585880189577]
0.043194056596236305
E1 = -785.0327383
E2 = -784.860293811
deltaE  (eV)              -4.692474
deviation of dE (a.u.)    -0.000458     0.000050     NO
RMS Gradient              0.005175     0.000500     NO
Maximium Gradient         0.013412     0.000700     NO
RMS Displacement          0.005878     0.002500     NO
Maximium Displacement     0.008071     0.004000     NO

Now Entering GDIIS Step 45
The current multiplier for fix-dE optimization is [1.47987095424911]
0.06830894737531579
E1 = -785.032673766
E2 = -784.860505625
deltaE  (eV)              -4.684954
deviation of dE (a.u.)    -0.000182     0.000050     NO
RMS Gradient              0.003800     0.000500     NO
Maximium Gradient         0.009427     0.000700     NO
RMS Displacement          0.009296     0.002500     NO
Maximium Displacement     0.005192     0.004000     NO

Now Entering GDIIS Step 46
current stepsize: 0.39190624009467945 is reduced to max_size
The current multiplier for fix-dE optimization is [1.8696145788648193]
0.1
E1 = -785.032662753
E2 = -784.860521412
deltaE  (eV)              -4.684225
deviation of dE (a.u.)    -0.000155     0.000050     NO
RMS Gradient              0.001556     0.000500     NO
Maximium Gradient         0.004355     0.000700     NO
RMS Displacement          0.013608     0.002500     NO
Maximium Displacement     0.006344     0.004000     NO

Now Entering GDIIS Step 47
The current multiplier for fix-dE optimization is [1.5606111017508386]
0.019005310983099488
E1 = -785.032620531
E2 = -784.860593463
deltaE  (eV)              -4.681115
deviation of dE (a.u.)    -0.000041     0.000050     YES
RMS Gradient              0.002640     0.000500     NO
Maximium Gradient         0.007223     0.000700     NO
RMS Displacement          0.002586     0.002500     NO
Maximium Displacement     0.001425     0.004000     YES

Now Entering GDIIS Step 48
The current multiplier for fix-dE optimization is [1.5905811654039577]
0.030131079104901412
E1 = -785.032650806
E2 = -784.860563546
deltaE  (eV)              -4.682753
deviation of dE (a.u.)    -0.000101     0.000050     NO
RMS Gradient              0.002268     0.000500     NO
Maximium Gradient         0.006109     0.000700     NO
RMS Displacement          0.004100     0.002500     NO
Maximium Displacement     0.001771     0.004000     YES

Now Entering GDIIS Step 49
The current multiplier for fix-dE optimization is [1.6120401938501607]
0.02152540694667358
E1 = -785.032654478
E2 = -784.860560126
deltaE  (eV)              -4.682946
deviation of dE (a.u.)    -0.000108     0.000050     NO
RMS Gradient              0.001988     0.000500     NO
Maximium Gradient         0.005310     0.000700     NO
RMS Displacement          0.002929     0.002500     NO
Maximium Displacement     0.000703     0.004000     YES

Now Entering GDIIS Step 50
The current multiplier for fix-dE optimization is [1.6157146620499065]
0.0037613430085579568
E1 = -785.032669282
E2 = -784.860547682
deltaE  (eV)              -4.683687
deviation of dE (a.u.)    -0.000136     0.000050     NO
RMS Gradient              0.001951     0.000500     NO
Maximium Gradient         0.005327     0.000700     NO
RMS Displacement          0.000512     0.002500     YES
Maximium Displacement     0.000279     0.004000     YES

Now Entering GDIIS Step 51
current stepsize: 0.15036674702702757 is reduced to max_size
The current multiplier for fix-dE optimization is [1.7656492118205367]
0.10000000000000014
E1 = -785.032704822
E2 = -784.860520742
deltaE  (eV)              -4.685388
deviation of dE (a.u.)    -0.000198     0.000050     NO
RMS Gradient              0.000258     0.000500     YES
Maximium Gradient         0.000483     0.000700     YES
RMS Displacement          0.013608     0.002500     NO
Maximium Displacement     0.003203     0.004000     YES

Now Entering GDIIS Step 52
The current multiplier for fix-dE optimization is [1.7062183066095875]
0.009727577548871448
E1 = -785.032522795
E2 = -784.860708469
deltaE  (eV)              -4.675326
deviation of dE (a.u.)    0.000172     0.000050     NO
RMS Gradient              0.000664     0.000500     NO
Maximium Gradient         0.001669     0.000700     NO
RMS Displacement          0.001324     0.002500     YES
Maximium Displacement     0.001271     0.004000     YES

Now Entering GDIIS Step 53
The current multiplier for fix-dE optimization is [1.7300740956408864]
0.02399733784895671
E1 = -785.032584839
E2 = -784.860659745
deltaE  (eV)              -4.678340
deviation of dE (a.u.)    0.000061     0.000050     NO
RMS Gradient              0.000393     0.000500     YES
Maximium Gradient         0.000940     0.000700     NO
RMS Displacement          0.003266     0.002500     NO
Maximium Displacement     0.000921     0.004000     YES

Now Entering GDIIS Step 54
The current multiplier for fix-dE optimization is [1.7476099746686031]
0.017653846910367834
E1 = -785.032577654
E2 = -784.860675094
deltaE  (eV)              -4.677727
deviation of dE (a.u.)    0.000084     0.000050     NO
RMS Gradient              0.000205     0.000500     YES
Maximium Gradient         0.000400     0.000700     YES
RMS Displacement          0.002402     0.002500     YES
Maximium Displacement     0.000709     0.004000     YES

Now Entering GDIIS Step 55
The current multiplier for fix-dE optimization is [1.7571894829484225]
0.009856240549746178
E1 = -785.032595241
E2 = -784.860668517
deltaE  (eV)              -4.678385
deviation of dE (a.u.)    0.000059     0.000050     NO
RMS Gradient              0.000167     0.000500     YES
Maximium Gradient         0.000421     0.000700     YES
RMS Displacement          0.001341     0.002500     YES
Maximium Displacement     0.000786     0.004000     YES

Now Entering GDIIS Step 56
The current multiplier for fix-dE optimization is [1.758025201263341]
0.004279703220791168
E1 = -785.032592015
E2 = -784.860688067
deltaE  (eV)              -4.677765
deviation of dE (a.u.)    0.000082     0.000050     NO
RMS Gradient              0.000160     0.000500     YES
Maximium Gradient         0.000452     0.000700     YES
RMS Displacement          0.000582     0.002500     YES
Maximium Displacement     0.001526     0.004000     YES

Now Entering GDIIS Step 57
The current multiplier for fix-dE optimization is [1.7521359933661351]
0.0031266715566534474
E1 = -785.032579974
E2 = -784.860703123
deltaE  (eV)              -4.677027
deviation of dE (a.u.)    0.000109     0.000050     NO
RMS Gradient              0.000135     0.000500     YES
Maximium Gradient         0.000444     0.000700     YES
RMS Displacement          0.000425     0.002500     YES
Maximium Displacement     0.000468     0.004000     YES

Now Entering GDIIS Step 58
The current multiplier for fix-dE optimization is [1.7651716425499147]
0.006391564446153573
E1 = -785.032596046
E2 = -784.860700216
deltaE  (eV)              -4.677544
deviation of dE (a.u.)    0.000090     0.000050     NO
RMS Gradient              0.000199     0.000500     YES
Maximium Gradient         0.000486     0.000700     YES
RMS Displacement          0.000870     0.002500     YES
Maximium Displacement     0.001577     0.004000     YES

Now Entering GDIIS Step 59
The current multiplier for fix-dE optimization is [1.7553588432420713]
0.005840734526385636
E1 = -785.032607425
E2 = -784.860703739
deltaE  (eV)              -4.677758
deviation of dE (a.u.)    0.000082     0.000050     NO
RMS Gradient              0.000143     0.000500     YES
Maximium Gradient         0.000450     0.000700     YES
RMS Displacement          0.000795     0.002500     YES
Maximium Displacement     0.002273     0.004000     YES

Now Entering GDIIS Step 60
The current multiplier for fix-dE optimization is [1.7590554857255418]
0.007965048544876348
E1 = -785.032634508
E2 = -784.86069464
deltaE  (eV)              -4.678742
deviation of dE (a.u.)    0.000046     0.000050     YES
RMS Gradient              0.000160     0.000500     YES
Maximium Gradient         0.000431     0.000700     YES
RMS Displacement          0.001084     0.002500     YES
Maximium Displacement     0.003486     0.004000     YES
****Congrats! MECP has converged****
