****KST48 PROGRAM: a powerful tool for MECP locating****
****By Yumiao Ma, BSJ Institute, 2023/10 Updated****

The current running mode is read.
Note: This program is now running on read mode
****Initialization OK, now entering main loop****
****Before that, please check the keywords list****
Header A:
 %chk=a.chk
%nprocshared=56 
%mem=96gb 
# def2svp wb97xd scrf=(smd,solvent=acetonitrile) g09default scf=(xqc,maxcycle=64) force  guess=read   nosymm

 Title Card 

-1 1
Header B:
 %chk=b.chk
%nprocshared=56 
%mem=96gb 
# def2svp wb97xd scrf=(smd,solvent=acetonitrile) g09default scf=(xqc,maxcycle=64) force  guess=read   nosymm

 Title Card 

-1 1
****If everything is OK, then go to the main loop****


Now Entering BFGS Step 0
current stepsize: 1.2108083492276234 is reduced to max_size
E1 = -7327.67413935
E2 = -7327.71255172
deltaE                    -0.038412     0.000050     NO
RMS Gradient              0.007576     0.000500     NO
Maximium Gradient         0.035507     0.000700     NO
RMS Displacement          0.006757     0.002500     NO
Maximium Displacement     0.035298     0.004000     NO

Now Entering BFGS Step 1
current stepsize: 1.4999999999999998 is reduced to max_size
E1 = -7327.64995957
E2 = -7327.72436572
deltaE                    -0.074406     0.000050     NO
RMS Gradient              0.008674     0.000500     NO
Maximium Gradient         0.048031     0.000700     NO
RMS Displacement          0.006757     0.002500     NO
Maximium Displacement     0.044680     0.004000     NO

Now Entering BFGS Step 2
current stepsize: 1.4999999999999998 is reduced to max_size
E1 = -7327.67541917
E2 = -7327.71809002
deltaE                    -0.042671     0.000050     NO
RMS Gradient              0.005779     0.000500     NO
Maximium Gradient         0.028958     0.000700     NO
RMS Displacement          0.006757     0.002500     NO
Maximium Displacement     0.041901     0.004000     NO

Now Entering GDIIS Step 3
current stepsize: 0.1829833143263722 is reduced to max_size
E1 = -7327.6888147
E2 = -7327.7023998
deltaE                    -0.013585     0.000050     NO
RMS Gradient              0.003072     0.000500     NO
Maximium Gradient         0.015631     0.000700     NO
RMS Displacement          0.006757     0.002500     NO
Maximium Displacement     0.036078     0.004000     NO

Now Entering GDIIS Step 4
E1 = -7327.69276504
E2 = -7327.69928223
deltaE                    -0.006517     0.000050     NO
RMS Gradient              0.001739     0.000500     NO
Maximium Gradient         0.006439     0.000700     NO
RMS Displacement          0.004153     0.002500     NO
Maximium Displacement     0.036716     0.004000     NO

Now Entering GDIIS Step 5
E1 = -7327.69622384
E2 = -7327.69566235
deltaE                    0.000561     0.000050     NO
RMS Gradient              0.001869     0.000500     NO
Maximium Gradient         0.007311     0.000700     NO
RMS Displacement          0.006419     0.002500     NO
Maximium Displacement     0.064733     0.004000     NO

Now Entering GDIIS Step 6
E1 = -7327.69764366
E2 = -7327.69233465
deltaE                    0.005309     0.000050     NO
RMS Gradient              0.001580     0.000500     NO
Maximium Gradient         0.003876     0.000700     NO
RMS Displacement          0.002307     0.002500     YES
Maximium Displacement     0.022886     0.004000     NO

Now Entering GDIIS Step 7
E1 = -7327.6983789
E2 = -7327.69342387
deltaE                    0.004955     0.000050     NO
RMS Gradient              0.001135     0.000500     NO
Maximium Gradient         0.002603     0.000700     NO
RMS Displacement          0.002574     0.002500     NO
Maximium Displacement     0.029517     0.004000     NO

Now Entering GDIIS Step 8
E1 = -7327.69899952
E2 = -7327.69476287
deltaE                    0.004237     0.000050     NO
RMS Gradient              0.001145     0.000500     NO
Maximium Gradient         0.003689     0.000700     NO
RMS Displacement          0.003288     0.002500     NO
Maximium Displacement     0.039173     0.004000     NO

Now Entering GDIIS Step 9
E1 = -7327.69917862
E2 = -7327.69682727
deltaE                    0.002351     0.000050     NO
RMS Gradient              0.000974     0.000500     NO
Maximium Gradient         0.004584     0.000700     NO
RMS Displacement          0.002740     0.002500     NO
Maximium Displacement     0.031273     0.004000     NO

Now Entering GDIIS Step 10
E1 = -7327.69925309
E2 = -7327.69878776
deltaE                    0.000465     0.000050     NO
RMS Gradient              0.000885     0.000500     NO
Maximium Gradient         0.004462     0.000700     NO
RMS Displacement          0.003656     0.002500     NO
Maximium Displacement     0.041544     0.004000     NO

Now Entering GDIIS Step 11
E1 = -7327.69909161
E2 = -7327.69993674
deltaE                    -0.000845     0.000050     NO
RMS Gradient              0.000750     0.000500     NO
Maximium Gradient         0.003742     0.000700     NO
RMS Displacement          0.002430     0.002500     YES
Maximium Displacement     0.027630     0.004000     NO

Now Entering GDIIS Step 12
E1 = -7327.69913679
E2 = -7327.70037456
deltaE                    -0.001238     0.000050     NO
RMS Gradient              0.000549     0.000500     NO
Maximium Gradient         0.003269     0.000700     NO
RMS Displacement          0.001490     0.002500     YES
Maximium Displacement     0.015808     0.004000     NO

Now Entering GDIIS Step 13
E1 = -7327.69932021
E2 = -7327.70050474
deltaE                    -0.001185     0.000050     NO
RMS Gradient              0.000491     0.000500     YES
Maximium Gradient         0.001703     0.000700     NO
RMS Displacement          0.001679     0.002500     YES
Maximium Displacement     0.017955     0.004000     NO

Now Entering GDIIS Step 14
E1 = -7327.69953774
E2 = -7327.70051328
deltaE                    -0.000976     0.000050     NO
RMS Gradient              0.000434     0.000500     YES
Maximium Gradient         0.001178     0.000700     NO
RMS Displacement          0.001694     0.002500     YES
Maximium Displacement     0.017674     0.004000     NO

Now Entering GDIIS Step 15
E1 = -7327.69980994
E2 = -7327.70034987
deltaE                    -0.000540     0.000050     NO
RMS Gradient              0.000381     0.000500     YES
Maximium Gradient         0.000941     0.000700     NO
RMS Displacement          0.001809     0.002500     YES
Maximium Displacement     0.019014     0.004000     NO

Now Entering GDIIS Step 16
E1 = -7327.70002396
E2 = -7327.70018024
deltaE                    -0.000156     0.000050     NO
RMS Gradient              0.000350     0.000500     YES
Maximium Gradient         0.001452     0.000700     NO
RMS Displacement          0.001592     0.002500     YES
Maximium Displacement     0.016923     0.004000     NO

Now Entering GDIIS Step 17
E1 = -7327.70016885
E2 = -7327.70007988
deltaE                    0.000089     0.000050     NO
RMS Gradient              0.000306     0.000500     YES
Maximium Gradient         0.001409     0.000700     NO
RMS Displacement          0.001244     0.002500     YES
Maximium Displacement     0.013044     0.004000     NO

Now Entering GDIIS Step 18
E1 = -7327.70026689
E2 = -7327.70003347
deltaE                    0.000233     0.000050     NO
RMS Gradient              0.000287     0.000500     YES
Maximium Gradient         0.001447     0.000700     NO
RMS Displacement          0.001110     0.002500     YES
Maximium Displacement     0.011614     0.004000     NO

Now Entering GDIIS Step 19
E1 = -7327.70032855
E2 = -7327.70003276
deltaE                    0.000296     0.000050     NO
RMS Gradient              0.000270     0.000500     YES
Maximium Gradient         0.001535     0.000700     NO
RMS Displacement          0.001054     0.002500     YES
Maximium Displacement     0.010916     0.004000     NO

Now Entering GDIIS Step 20
E1 = -7327.70035758
E2 = -7327.70009584
deltaE                    0.000262     0.000050     NO
RMS Gradient              0.000261     0.000500     YES
Maximium Gradient         0.001460     0.000700     NO
RMS Displacement          0.001124     0.002500     YES
Maximium Displacement     0.011352     0.004000     NO

Now Entering GDIIS Step 21
E1 = -7327.70037035
E2 = -7327.70019981
deltaE                    0.000171     0.000050     NO
RMS Gradient              0.000264     0.000500     YES
Maximium Gradient         0.001434     0.000700     NO
RMS Displacement          0.001349     0.002500     YES
Maximium Displacement     0.013338     0.004000     NO

Now Entering GDIIS Step 22
E1 = -7327.70037196
E2 = -7327.70032529
deltaE                    0.000047     0.000050     YES
RMS Gradient              0.000266     0.000500     YES
Maximium Gradient         0.001508     0.000700     NO
RMS Displacement          0.001479     0.002500     YES
Maximium Displacement     0.014237     0.004000     NO

Now Entering GDIIS Step 23
E1 = -7327.70037062
E2 = -7327.70046511
deltaE                    -0.000094     0.000050     NO
RMS Gradient              0.000274     0.000500     YES
Maximium Gradient         0.001576     0.000700     NO
RMS Displacement          0.001691     0.002500     YES
Maximium Displacement     0.015857     0.004000     NO

Now Entering GDIIS Step 24
E1 = -7327.70038049
E2 = -7327.70057663
deltaE                    -0.000196     0.000050     NO
RMS Gradient              0.000285     0.000500     YES
Maximium Gradient         0.001635     0.000700     NO
RMS Displacement          0.001869     0.002500     YES
Maximium Displacement     0.017330     0.004000     NO

Now Entering GDIIS Step 25
E1 = -7327.7004078
E2 = -7327.7006723
deltaE                    -0.000265     0.000050     NO
RMS Gradient              0.000293     0.000500     YES
Maximium Gradient         0.001678     0.000700     NO
RMS Displacement          0.001991     0.002500     YES
Maximium Displacement     0.017964     0.004000     NO

Now Entering GDIIS Step 26
E1 = -7327.70046307
E2 = -7327.7007554
deltaE                    -0.000292     0.000050     NO
RMS Gradient              0.000309     0.000500     YES
Maximium Gradient         0.001715     0.000700     NO
RMS Displacement          0.002483     0.002500     YES
Maximium Displacement     0.021984     0.004000     NO

Now Entering GDIIS Step 27
E1 = -7327.70055105
E2 = -7327.70081633
deltaE                    -0.000265     0.000050     NO
RMS Gradient              0.000325     0.000500     YES
Maximium Gradient         0.001736     0.000700     NO
RMS Displacement          0.002912     0.002500     NO
Maximium Displacement     0.025256     0.004000     NO

Now Entering GDIIS Step 28
E1 = -7327.70065662
E2 = -7327.70087578
deltaE                    -0.000219     0.000050     NO
RMS Gradient              0.000338     0.000500     YES
Maximium Gradient         0.001749     0.000700     NO
RMS Displacement          0.003333     0.002500     NO
Maximium Displacement     0.028331     0.004000     NO

Now Entering GDIIS Step 29
E1 = -7327.70076839
E2 = -7327.70092183
deltaE                    -0.000153     0.000050     NO
RMS Gradient              0.000352     0.000500     YES
Maximium Gradient         0.001757     0.000700     NO
RMS Displacement          0.003791     0.002500     NO
Maximium Displacement     0.031822     0.004000     NO

Now Entering GDIIS Step 30
E1 = -7327.70086792
E2 = -7327.70096261
deltaE                    -0.000095     0.000050     NO
RMS Gradient              0.000357     0.000500     YES
Maximium Gradient         0.001768     0.000700     NO
RMS Displacement          0.003458     0.002500     NO
Maximium Displacement     0.028454     0.004000     NO

Now Entering GDIIS Step 31
E1 = -7327.70096353
E2 = -7327.70101439
deltaE                    -0.000051     0.000050     NO
RMS Gradient              0.000360     0.000500     YES
Maximium Gradient         0.001774     0.000700     NO
RMS Displacement          0.003640     0.002500     NO
Maximium Displacement     0.029415     0.004000     NO

Now Entering GDIIS Step 32
E1 = -7327.70105912
E2 = -7327.70106944
deltaE                    -0.000010     0.000050     YES
RMS Gradient              0.000360     0.000500     YES
Maximium Gradient         0.001735     0.000700     NO
RMS Displacement          0.003794     0.002500     NO
Maximium Displacement     0.030088     0.004000     NO

Now Entering GDIIS Step 33
E1 = -7327.70114243
E2 = -7327.70114776
deltaE                    -0.000005     0.000050     YES
RMS Gradient              0.000356     0.000500     YES
Maximium Gradient         0.001663     0.000700     NO
RMS Displacement          0.003514     0.002500     NO
Maximium Displacement     0.027073     0.004000     NO

Now Entering GDIIS Step 34
E1 = -7327.70122251
E2 = -7327.70123051
deltaE                    -0.000008     0.000050     YES
RMS Gradient              0.000351     0.000500     YES
Maximium Gradient         0.001524     0.000700     NO
RMS Displacement          0.003712     0.002500     NO
Maximium Displacement     0.028025     0.004000     NO

Now Entering GDIIS Step 35
E1 = -7327.70127901
E2 = -7327.70129564
deltaE                    -0.000017     0.000050     YES
RMS Gradient              0.000341     0.000500     YES
Maximium Gradient         0.001345     0.000700     NO
RMS Displacement          0.003020     0.002500     NO
Maximium Displacement     0.022696     0.004000     NO

Now Entering GDIIS Step 36
E1 = -7327.7013195
E2 = -7327.70135986
deltaE                    -0.000040     0.000050     YES
RMS Gradient              0.000324     0.000500     YES
Maximium Gradient         0.001243     0.000700     NO
RMS Displacement          0.002336     0.002500     YES
Maximium Displacement     0.017422     0.004000     NO

Now Entering GDIIS Step 37
E1 = -7327.70136476
E2 = -7327.70141851
deltaE                    -0.000054     0.000050     NO
RMS Gradient              0.000311     0.000500     YES
Maximium Gradient         0.001180     0.000700     NO
RMS Displacement          0.002451     0.002500     YES
Maximium Displacement     0.018149     0.004000     NO

Now Entering GDIIS Step 38
E1 = -7327.70142012
E2 = -7327.70147822
deltaE                    -0.000058     0.000050     NO
RMS Gradient              0.000299     0.000500     YES
Maximium Gradient         0.001097     0.000700     NO
RMS Displacement          0.002540     0.002500     NO
Maximium Displacement     0.018538     0.004000     NO

Now Entering GDIIS Step 39
E1 = -7327.70149906
E2 = -7327.70154034
deltaE                    -0.000041     0.000050     YES
RMS Gradient              0.000283     0.000500     YES
Maximium Gradient         0.000962     0.000700     NO
RMS Displacement          0.003584     0.002500     NO
Maximium Displacement     0.025934     0.004000     NO

Now Entering GDIIS Step 40
E1 = -7327.70156988
E2 = -7327.70158023
deltaE                    -0.000010     0.000050     YES
RMS Gradient              0.000267     0.000500     YES
Maximium Gradient         0.000807     0.000700     NO
RMS Displacement          0.003323     0.002500     NO
Maximium Displacement     0.024308     0.004000     NO

Now Entering GDIIS Step 41
E1 = -7327.70160398
E2 = -7327.70161784
deltaE                    -0.000014     0.000050     YES
RMS Gradient              0.000256     0.000500     YES
Maximium Gradient         0.000707     0.000700     NO
RMS Displacement          0.001445     0.002500     YES
Maximium Displacement     0.011360     0.004000     NO

Now Entering GDIIS Step 42
E1 = -7327.70163691
E2 = -7327.70164422
deltaE                    -0.000007     0.000050     YES
RMS Gradient              0.000241     0.000500     YES
Maximium Gradient         0.000682     0.000700     YES
RMS Displacement          0.002079     0.002500     YES
Maximium Displacement     0.016134     0.004000     NO

Now Entering GDIIS Step 43
E1 = -7327.70165683
E2 = -7327.70166676
deltaE                    -0.000010     0.000050     YES
RMS Gradient              0.000225     0.000500     YES
Maximium Gradient         0.000691     0.000700     YES
RMS Displacement          0.001174     0.002500     YES
Maximium Displacement     0.009478     0.004000     NO

Now Entering GDIIS Step 44
E1 = -7327.70167843
E2 = -7327.70169602
deltaE                    -0.000018     0.000050     YES
RMS Gradient              0.000208     0.000500     YES
Maximium Gradient         0.000682     0.000700     YES
RMS Displacement          0.001363     0.002500     YES
Maximium Displacement     0.011246     0.004000     NO

Now Entering GDIIS Step 45
E1 = -7327.70170357
E2 = -7327.70172901
deltaE                    -0.000025     0.000050     YES
RMS Gradient              0.000194     0.000500     YES
Maximium Gradient         0.000655     0.000700     YES
RMS Displacement          0.001291     0.002500     YES
Maximium Displacement     0.010907     0.004000     NO

Now Entering GDIIS Step 46
E1 = -7327.70172208
E2 = -7327.70175088
deltaE                    -0.000029     0.000050     YES
RMS Gradient              0.000182     0.000500     YES
Maximium Gradient         0.000638     0.000700     YES
RMS Displacement          0.001082     0.002500     YES
Maximium Displacement     0.009173     0.004000     NO

Now Entering GDIIS Step 47
E1 = -7327.70174399
E2 = -7327.70177719
deltaE                    -0.000033     0.000050     YES
RMS Gradient              0.000170     0.000500     YES
Maximium Gradient         0.000661     0.000700     YES
RMS Displacement          0.001177     0.002500     YES
Maximium Displacement     0.009997     0.004000     NO

Now Entering GDIIS Step 48
E1 = -7327.70175813
E2 = -7327.70179255
deltaE                    -0.000034     0.000050     YES
RMS Gradient              0.000162     0.000500     YES
Maximium Gradient         0.000723     0.000700     NO
RMS Displacement          0.001069     0.002500     YES
Maximium Displacement     0.009072     0.004000     NO

Now Entering GDIIS Step 49
E1 = -7327.7017734
E2 = -7327.70180545
deltaE                    -0.000032     0.000050     YES
RMS Gradient              0.000155     0.000500     YES
Maximium Gradient         0.000759     0.000700     NO
RMS Displacement          0.000803     0.002500     YES
Maximium Displacement     0.006678     0.004000     NO

Now Entering GDIIS Step 50
E1 = -7327.7017915
E2 = -7327.70181821
deltaE                    -0.000027     0.000050     YES
RMS Gradient              0.000152     0.000500     YES
Maximium Gradient         0.000788     0.000700     NO
RMS Displacement          0.000800     0.002500     YES
Maximium Displacement     0.006438     0.004000     NO

Now Entering GDIIS Step 51
E1 = -7327.70181253
E2 = -7327.70183103
deltaE                    -0.000018     0.000050     YES
RMS Gradient              0.000151     0.000500     YES
Maximium Gradient         0.000812     0.000700     NO
RMS Displacement          0.000954     0.002500     YES
Maximium Displacement     0.007452     0.004000     NO

Now Entering GDIIS Step 52
E1 = -7327.70183098
E2 = -7327.70184269
deltaE                    -0.000012     0.000050     YES
RMS Gradient              0.000150     0.000500     YES
Maximium Gradient         0.000875     0.000700     NO
RMS Displacement          0.000882     0.002500     YES
Maximium Displacement     0.006609     0.004000     NO

Now Entering GDIIS Step 53
E1 = -7327.70184891
E2 = -7327.70185366
deltaE                    -0.000005     0.000050     YES
RMS Gradient              0.000153     0.000500     YES
Maximium Gradient         0.000955     0.000700     NO
RMS Displacement          0.001060     0.002500     YES
Maximium Displacement     0.007750     0.004000     NO

Now Entering GDIIS Step 54
E1 = -7327.70186537
E2 = -7327.70186443
deltaE                    0.000001     0.000050     YES
RMS Gradient              0.000155     0.000500     YES
Maximium Gradient         0.001004     0.000700     NO
RMS Displacement          0.000870     0.002500     YES
Maximium Displacement     0.005849     0.004000     NO

Now Entering GDIIS Step 55
E1 = -7327.70188337
E2 = -7327.70187894
deltaE                    0.000004     0.000050     YES
RMS Gradient              0.000158     0.000500     YES
Maximium Gradient         0.001044     0.000700     NO
RMS Displacement          0.000964     0.002500     YES
Maximium Displacement     0.005979     0.004000     NO

Now Entering GDIIS Step 56
E1 = -7327.70190605
E2 = -7327.70189763
deltaE                    0.000008     0.000050     YES
RMS Gradient              0.000164     0.000500     YES
Maximium Gradient         0.001073     0.000700     NO
RMS Displacement          0.001150     0.002500     YES
Maximium Displacement     0.006424     0.004000     NO

Now Entering GDIIS Step 57
E1 = -7327.7019242
E2 = -7327.70191251
deltaE                    0.000012     0.000050     YES
RMS Gradient              0.000168     0.000500     YES
Maximium Gradient         0.001105     0.000700     NO
RMS Displacement          0.001255     0.002500     YES
Maximium Displacement     0.006956     0.004000     NO

Now Entering GDIIS Step 58
E1 = -7327.7019443
E2 = -7327.7019307
deltaE                    0.000014     0.000050     YES
RMS Gradient              0.000173     0.000500     YES
Maximium Gradient         0.001116     0.000700     NO
RMS Displacement          0.001288     0.002500     YES
Maximium Displacement     0.006252     0.004000     NO

Now Entering GDIIS Step 59
E1 = -7327.70196618
E2 = -7327.70195023
deltaE                    0.000016     0.000050     YES
RMS Gradient              0.000179     0.000500     YES
Maximium Gradient         0.001116     0.000700     NO
RMS Displacement          0.001403     0.002500     YES
Maximium Displacement     0.006692     0.004000     NO

Now Entering GDIIS Step 60
E1 = -7327.70199201
E2 = -7327.70197511
deltaE                    0.000017     0.000050     YES
RMS Gradient              0.000184     0.000500     YES
Maximium Gradient         0.001097     0.000700     NO
RMS Displacement          0.001551     0.002500     YES
Maximium Displacement     0.007928     0.004000     NO

Now Entering GDIIS Step 61
E1 = -7327.70201916
E2 = -7327.70199957
deltaE                    0.000020     0.000050     YES
RMS Gradient              0.000191     0.000500     YES
Maximium Gradient         0.001068     0.000700     NO
RMS Displacement          0.001682     0.002500     YES
Maximium Displacement     0.008993     0.004000     NO

Now Entering GDIIS Step 62
E1 = -7327.70204588
E2 = -7327.70202184
deltaE                    0.000024     0.000050     YES
RMS Gradient              0.000197     0.000500     YES
Maximium Gradient         0.001031     0.000700     NO
RMS Displacement          0.002037     0.002500     YES
Maximium Displacement     0.011141     0.004000     NO

Now Entering GDIIS Step 63
E1 = -7327.70206999
E2 = -7327.70204261
deltaE                    0.000027     0.000050     YES
RMS Gradient              0.000200     0.000500     YES
Maximium Gradient         0.001002     0.000700     NO
RMS Displacement          0.001683     0.002500     YES
Maximium Displacement     0.009771     0.004000     NO

Now Entering GDIIS Step 64
E1 = -7327.70209753
E2 = -7327.70206589
deltaE                    0.000032     0.000050     YES
RMS Gradient              0.000205     0.000500     YES
Maximium Gradient         0.000969     0.000700     NO
RMS Displacement          0.001901     0.002500     YES
Maximium Displacement     0.011524     0.004000     NO

Now Entering GDIIS Step 65
E1 = -7327.70212985
E2 = -7327.70209582
deltaE                    0.000034     0.000050     YES
RMS Gradient              0.000208     0.000500     YES
Maximium Gradient         0.000904     0.000700     NO
RMS Displacement          0.001931     0.002500     YES
Maximium Displacement     0.012384     0.004000     NO

Now Entering GDIIS Step 66
E1 = -7327.70215984
E2 = -7327.70212115
deltaE                    0.000039     0.000050     YES
RMS Gradient              0.000209     0.000500     YES
Maximium Gradient         0.000828     0.000700     NO
RMS Displacement          0.002321     0.002500     YES
Maximium Displacement     0.015002     0.004000     NO

Now Entering GDIIS Step 67
E1 = -7327.70218908
E2 = -7327.70214734
deltaE                    0.000042     0.000050     YES
RMS Gradient              0.000207     0.000500     YES
Maximium Gradient         0.000734     0.000700     NO
RMS Displacement          0.002203     0.002500     YES
Maximium Displacement     0.014829     0.004000     NO

Now Entering GDIIS Step 68
E1 = -7327.70221238
E2 = -7327.70217027
deltaE                    0.000042     0.000050     YES
RMS Gradient              0.000204     0.000500     YES
Maximium Gradient         0.000638     0.000700     YES
RMS Displacement          0.002028     0.002500     YES
Maximium Displacement     0.014004     0.004000     NO

Now Entering GDIIS Step 69
E1 = -7327.70223707
E2 = -7327.70219822
deltaE                    0.000039     0.000050     YES
RMS Gradient              0.000200     0.000500     YES
Maximium Gradient         0.000561     0.000700     YES
RMS Displacement          0.001805     0.002500     YES
Maximium Displacement     0.013084     0.004000     NO

Now Entering GDIIS Step 70
E1 = -7327.70226073
E2 = -7327.7022255
deltaE                    0.000035     0.000050     YES
RMS Gradient              0.000197     0.000500     YES
Maximium Gradient         0.000552     0.000700     YES
RMS Displacement          0.001869     0.002500     YES
Maximium Displacement     0.013852     0.004000     NO

Now Entering GDIIS Step 71
E1 = -7327.70228222
E2 = -7327.70225215
deltaE                    0.000030     0.000050     YES
RMS Gradient              0.000187     0.000500     YES
Maximium Gradient         0.000536     0.000700     YES
RMS Displacement          0.002023     0.002500     YES
Maximium Displacement     0.015266     0.004000     NO

Now Entering GDIIS Step 72
E1 = -7327.70229778
E2 = -7327.70227276
deltaE                    0.000025     0.000050     YES
RMS Gradient              0.000178     0.000500     YES
Maximium Gradient         0.000516     0.000700     YES
RMS Displacement          0.001613     0.002500     YES
Maximium Displacement     0.012465     0.004000     NO

Now Entering GDIIS Step 73
E1 = -7327.70231271
E2 = -7327.70229278
deltaE                    0.000020     0.000050     YES
RMS Gradient              0.000171     0.000500     YES
Maximium Gradient         0.000490     0.000700     YES
RMS Displacement          0.001498     0.002500     YES
Maximium Displacement     0.011894     0.004000     NO

Now Entering GDIIS Step 74
E1 = -7327.70232887
E2 = -7327.70231154
deltaE                    0.000017     0.000050     YES
RMS Gradient              0.000164     0.000500     YES
Maximium Gradient         0.000459     0.000700     YES
RMS Displacement          0.001201     0.002500     YES
Maximium Displacement     0.009871     0.004000     NO

Now Entering GDIIS Step 75
E1 = -7327.70234307
E2 = -7327.7023294
deltaE                    0.000014     0.000050     YES
RMS Gradient              0.000156     0.000500     YES
Maximium Gradient         0.000423     0.000700     YES
RMS Displacement          0.001460     0.002500     YES
Maximium Displacement     0.012057     0.004000     NO

Now Entering GDIIS Step 76
