****KST48 PROGRAM: a powerful tool for MECP locating****
****By Yumiao Ma, BSJ Institute, 2023/10 Updated****

The current running mode is normal.
Note: This program is now running on normal mode
****Initialization: running the first single point calculations according to the mode****
****Initialization OK, now entering main loop****
****Before that, please check the keywords list****
Header A:
 %pal nprocs 28 end
%maxcore 1000 
! hf 3-21g engrad 
!moread 
 %moinp "JOBS/a.gbw"
 

 *xyz 0 1
Header B:
 %pal nprocs 28 end
%maxcore 1000 
! hf 3-21g engrad 
!moread 
 %moinp "JOBS/b.gbw"
 

 *xyz 0 1
****If everything is OK, then go to the main loop****


Now Entering BFGS Step 0
current stepsize: 0.9102806730750218 is reduced to max_size
E1 = -38.658795942665
E2 = -38.622260085148
deltaE                    0.036536     0.000050     NO
RMS Gradient              0.015132     0.000500     NO
Maximium Gradient         0.026539     0.000700     NO
RMS Displacement          0.033333     0.002500     NO
Maximium Displacement     0.062671     0.004000     NO

Now Entering BFGS Step 1
current stepsize: 1.5000000000000002 is reduced to max_size
E1 = -38.650652415715
E2 = -38.628743030504
deltaE                    0.021909     0.000050     NO
RMS Gradient              0.008266     0.000500     NO
Maximium Gradient         0.013220     0.000700     NO
RMS Displacement          0.033333     0.002500     NO
Maximium Displacement     0.058306     0.004000     NO

Now Entering BFGS Step 2
current stepsize: 1.5 is reduced to max_size
E1 = -38.641368449798
E2 = -38.631204833806
deltaE                    0.010164     0.000050     NO
RMS Gradient              0.003652     0.000500     NO
Maximium Gradient         0.004972     0.000700     NO
RMS Displacement          0.033333     0.002500     NO
Maximium Displacement     0.062962     0.004000     NO

Now Entering GDIIS Step 3
current stepsize: 0.1439859105610426 is reduced to max_size
E1 = -38.648215485586
E2 = -38.624881208354
deltaE                    0.023334     0.000050     NO
RMS Gradient              0.017783     0.000500     NO
Maximium Gradient         0.032613     0.000700     NO
RMS Displacement          0.033333     0.002500     NO
Maximium Displacement     0.080031     0.004000     NO

Now Entering GDIIS Step 4
current stepsize: 0.1892931497263319 is reduced to max_size
E1 = -38.640411426832
E2 = -38.630736661372
deltaE                    0.009675     0.000050     NO
RMS Gradient              0.007451     0.000500     NO
Maximium Gradient         0.013756     0.000700     NO
RMS Displacement          0.033333     0.002500     NO
Maximium Displacement     0.081582     0.004000     NO

Now Entering GDIIS Step 5
E1 = -38.635160315512
E2 = -38.631244258637
deltaE                    0.003916     0.000050     NO
RMS Gradient              0.001443     0.000500     NO
Maximium Gradient         0.001910     0.000700     NO
RMS Displacement          0.022042     0.002500     NO
Maximium Displacement     0.053978     0.004000     NO

Now Entering GDIIS Step 6
E1 = -38.634229203376
E2 = -38.631127857116
deltaE                    0.003101     0.000050     NO
RMS Gradient              0.001066     0.000500     NO
Maximium Gradient         0.001486     0.000700     NO
RMS Displacement          0.004559     0.002500     NO
Maximium Displacement     0.010847     0.004000     NO

Now Entering GDIIS Step 7
E1 = -38.63490554546
E2 = -38.631218756846
deltaE                    0.003687     0.000050     NO
RMS Gradient              0.001246     0.000500     NO
Maximium Gradient         0.001757     0.000700     NO
RMS Displacement          0.003428     0.002500     NO
Maximium Displacement     0.007879     0.004000     NO

Now Entering GDIIS Step 8
E1 = -38.632228873881
E2 = -38.630706589589
deltaE                    0.001522     0.000050     NO
RMS Gradient              0.000785     0.000500     NO
Maximium Gradient         0.001366     0.000700     NO
RMS Displacement          0.015551     0.002500     NO
Maximium Displacement     0.035980     0.004000     NO

Now Entering GDIIS Step 9
E1 = -38.631358782955
E2 = -38.630427800605
deltaE                    0.000931     0.000050     NO
RMS Gradient              0.000727     0.000500     NO
Maximium Gradient         0.001353     0.000700     NO
RMS Displacement          0.006832     0.002500     NO
Maximium Displacement     0.016163     0.004000     NO

Now Entering GDIIS Step 10
E1 = -38.635933570123
E2 = -38.631187544418
deltaE                    0.004746     0.000050     NO
RMS Gradient              0.003896     0.000500     NO
Maximium Gradient         0.007241     0.000700     NO
RMS Displacement          0.027082     0.002500     NO
Maximium Displacement     0.065458     0.004000     NO

Now Entering GDIIS Step 11
E1 = -38.630756472559
E2 = -38.630185906275
deltaE                    0.000571     0.000050     NO
RMS Gradient              0.000408     0.000500     YES
Maximium Gradient         0.000755     0.000700     NO
RMS Displacement          0.032881     0.002500     NO
Maximium Displacement     0.079481     0.004000     NO

Now Entering GDIIS Step 12
E1 = -38.630362691063
E2 = -38.62999623978
deltaE                    0.000366     0.000050     NO
RMS Gradient              0.000298     0.000500     YES
Maximium Gradient         0.000556     0.000700     YES
RMS Displacement          0.004605     0.002500     NO
Maximium Displacement     0.011113     0.004000     NO

Now Entering GDIIS Step 13
E1 = -38.630394257205
E2 = -38.630012581307
deltaE                    0.000382     0.000050     NO
RMS Gradient              0.000291     0.000500     YES
Maximium Gradient         0.000542     0.000700     YES
RMS Displacement          0.000404     0.002500     YES
Maximium Displacement     0.000964     0.004000     YES

Now Entering GDIIS Step 14
E1 = -38.630200704216
E2 = -38.629909426893
deltaE                    0.000291     0.000050     NO
RMS Gradient              0.000240     0.000500     YES
Maximium Gradient         0.000448     0.000700     YES
RMS Displacement          0.002574     0.002500     NO
Maximium Displacement     0.006223     0.004000     NO

Now Entering GDIIS Step 15
E1 = -38.630098446674
E2 = -38.62985132494
deltaE                    0.000247     0.000050     NO
RMS Gradient              0.000298     0.000500     YES
Maximium Gradient         0.000556     0.000700     YES
RMS Displacement          0.001491     0.002500     YES
Maximium Displacement     0.003560     0.004000     YES

Now Entering GDIIS Step 16
E1 = -38.629721423762
E2 = -38.629613600721
deltaE                    0.000108     0.000050     NO
RMS Gradient              0.000180     0.000500     YES
Maximium Gradient         0.000332     0.000700     YES
RMS Displacement          0.006516     0.002500     NO
Maximium Displacement     0.015825     0.004000     NO

Now Entering GDIIS Step 17
E1 = -38.629583964611
E2 = -38.629515478839
deltaE                    0.000068     0.000050     NO
RMS Gradient              0.000121     0.000500     YES
Maximium Gradient         0.000223     0.000700     YES
RMS Displacement          0.003003     0.002500     NO
Maximium Displacement     0.007316     0.004000     NO

Now Entering GDIIS Step 18
E1 = -38.62947188803
E2 = -38.629429916035
deltaE                    0.000042     0.000050     YES
RMS Gradient              0.000093     0.000500     YES
Maximium Gradient         0.000171     0.000700     YES
RMS Displacement          0.002868     0.002500     NO
Maximium Displacement     0.006987     0.004000     NO

Now Entering GDIIS Step 19
E1 = -38.629104694888
E2 = -38.629104690884
deltaE                    0.000000     0.000050     YES
RMS Gradient              0.000602     0.000500     NO
Maximium Gradient         0.001067     0.000700     NO
RMS Displacement          0.020546     0.002500     NO
Maximium Displacement     0.050139     0.004000     NO

Now Entering GDIIS Step 20
E1 = -38.629333839629
E2 = -38.629316578944
deltaE                    0.000017     0.000050     YES
RMS Gradient              0.000137     0.000500     YES
Maximium Gradient         0.000242     0.000700     YES
RMS Displacement          0.016176     0.002500     NO
Maximium Displacement     0.039494     0.004000     NO

Now Entering GDIIS Step 21
E1 = -38.629311467159
E2 = -38.62929727554
deltaE                    0.000014     0.000050     YES
RMS Gradient              0.000172     0.000500     YES
Maximium Gradient         0.000304     0.000700     YES
RMS Displacement          0.000840     0.002500     YES
Maximium Displacement     0.002039     0.004000     YES
****Congrats! MECP has converged****
